2022-06-29 00:09:10,857 DEBUG org.hibernate.SQL [http-nio-8080-exec-2] select employeede0_.emp_id as emp_id1_2_, employeede0_.date_of_birth as date_of_2_2_, employeede0_.date_of_joining as date_of_3_2_, employeede0_.department_name as departme4_2_, employeede0_.first_name as first_na5_2_, employeede0_.gender as gender6_2_, employeede0_.last_name as last_nam7_2_, employeede0_.password as password8_2_, employeede0_.photo as photo9_2_, employeede0_.role as role10_2_, employeede0_.user_name as user_na11_2_ from employee_details_table employeede0_ where employeede0_.user_name=?
2022-06-29 00:09:10,902 TRACE org.hibernate.type.descriptor.sql.BasicBinder [http-nio-8080-exec-2] binding parameter [1] as [VARCHAR] - [mount]
2022-06-29 00:09:11,025 TRACE org.hibernate.type.descriptor.sql.BasicExtractor [http-nio-8080-exec-2] extracted value ([emp_id1_2_] : [INTEGER]) - [49]
2022-06-29 00:09:11,047 TRACE org.hibernate.type.descriptor.sql.BasicExtractor [http-nio-8080-exec-2] extracted value ([date_of_2_2_] : [DATE]) - [2022-06-28]
2022-06-29 00:09:11,047 TRACE org.hibernate.type.descriptor.sql.BasicExtractor [http-nio-8080-exec-2] extracted value ([date_of_3_2_] : [DATE]) - [2022-06-28]
2022-06-29 00:09:11,048 TRACE org.hibernate.type.descriptor.sql.BasicExtractor [http-nio-8080-exec-2] extracted value ([departme4_2_] : [VARCHAR]) - [A -- B]
2022-06-29 00:09:11,048 TRACE org.hibernate.type.descriptor.sql.BasicExtractor [http-nio-8080-exec-2] extracted value ([first_na5_2_] : [VARCHAR]) - [MASON]
2022-06-29 00:09:11,048 TRACE org.hibernate.type.descriptor.sql.BasicExtractor [http-nio-8080-exec-2] extracted value ([gender6_2_] : [VARCHAR]) - [MALE]
2022-06-29 00:09:11,048 TRACE org.hibernate.type.descriptor.sql.BasicExtractor [http-nio-8080-exec-2] extracted value ([last_nam7_2_] : [VARCHAR]) - [MOUNT]
2022-06-29 00:09:11,048 TRACE org.hibernate.type.descriptor.sql.BasicExtractor [http-nio-8080-exec-2] extracted value ([password8_2_] : [VARCHAR]) - [$2a$10$KqlvcddKoUmMQEmA2e6KVurbUKE1jwSyrdzJnH9Y3Yj4OGu2LBZ5W]
2022-06-29 00:09:11,049 TRACE org.hibernate.type.descriptor.sql.BasicExtractor [http-nio-8080-exec-2] extracted value ([photo9_2_] : [VARCHAR]) - [Screen Shot 2022-06-28 at 4.35.39 PM.png]
2022-06-29 00:09:11,050 TRACE org.hibernate.type.descriptor.sql.BasicExtractor [http-nio-8080-exec-2] extracted value ([role10_2_] : [VARCHAR]) - [ADMIN]
2022-06-29 00:09:11,050 TRACE org.hibernate.type.descriptor.sql.BasicExtractor [http-nio-8080-exec-2] extracted value ([user_na11_2_] : [VARCHAR]) - [mount]
2022-06-29 00:09:30,944 DEBUG org.hibernate.SQL [http-nio-8080-exec-5] select attendance0_.att_id as att_id1_0_, attendance0_.emp_id as emp_id2_0_, attendance0_.first_name as first_na3_0_, attendance0_.in_time as in_time4_0_, attendance0_.last_name as last_nam5_0_, attendance0_.out_time as out_time6_0_, attendance0_.status as status7_0_ from attendance attendance0_ where attendance0_.emp_id=?
2022-06-29 00:09:30,945 TRACE org.hibernate.type.descriptor.sql.BasicBinder [http-nio-8080-exec-5] binding parameter [1] as [INTEGER] - [2]
2022-06-29 00:09:30,995 TRACE org.hibernate.type.descriptor.sql.BasicExtractor [http-nio-8080-exec-5] extracted value ([att_id1_0_] : [INTEGER]) - [9]
2022-06-29 00:09:31,005 TRACE org.hibernate.type.descriptor.sql.BasicExtractor [http-nio-8080-exec-5] extracted value ([emp_id2_0_] : [INTEGER]) - [2]
2022-06-29 00:09:31,006 TRACE org.hibernate.type.descriptor.sql.BasicExtractor [http-nio-8080-exec-5] extracted value ([first_na3_0_] : [VARCHAR]) - [ARMAAN]
2022-06-29 00:09:31,011 TRACE org.hibernate.type.descriptor.sql.BasicExtractor [http-nio-8080-exec-5] extracted value ([in_time4_0_] : [TIMESTAMP]) - [2022-05-10 11:14:00.0]
2022-06-29 00:09:31,011 TRACE org.hibernate.type.descriptor.sql.BasicExtractor [http-nio-8080-exec-5] extracted value ([last_nam5_0_] : [VARCHAR]) - [SINGH]
2022-06-29 00:09:31,011 TRACE org.hibernate.type.descriptor.sql.BasicExtractor [http-nio-8080-exec-5] extracted value ([out_time6_0_] : [TIMESTAMP]) - [2022-05-30 16:44:00.0]
2022-06-29 00:09:31,011 TRACE org.hibernate.type.descriptor.sql.BasicExtractor [http-nio-8080-exec-5] extracted value ([status7_0_] : [VARCHAR]) - [Accepted]
2022-06-29 00:09:31,056 DEBUG org.hibernate.SQL [http-nio-8080-exec-5] select employeede0_.emp_id as emp_id1_2_0_, employeede0_.date_of_birth as date_of_2_2_0_, employeede0_.date_of_joining as date_of_3_2_0_, employeede0_.department_name as departme4_2_0_, employeede0_.first_name as first_na5_2_0_, employeede0_.gender as gender6_2_0_, employeede0_.last_name as last_nam7_2_0_, employeede0_.password as password8_2_0_, employeede0_.photo as photo9_2_0_, employeede0_.role as role10_2_0_, employeede0_.user_name as user_na11_2_0_ from employee_details_table employeede0_ where employeede0_.emp_id=?
2022-06-29 00:09:31,057 TRACE org.hibernate.type.descriptor.sql.BasicBinder [http-nio-8080-exec-5] binding parameter [1] as [INTEGER] - [2]
2022-06-29 00:09:31,060 TRACE org.hibernate.type.descriptor.sql.BasicExtractor [http-nio-8080-exec-5] extracted value ([date_of_2_2_0_] : [DATE]) - [1999-05-06]
2022-06-29 00:09:31,060 TRACE org.hibernate.type.descriptor.sql.BasicExtractor [http-nio-8080-exec-5] extracted value ([date_of_3_2_0_] : [DATE]) - [2022-05-23]
2022-06-29 00:09:31,060 TRACE org.hibernate.type.descriptor.sql.BasicExtractor [http-nio-8080-exec-5] extracted value ([departme4_2_0_] : [VARCHAR]) - [SOFTWARE -- MUMBAI]
2022-06-29 00:09:31,060 TRACE org.hibernate.type.descriptor.sql.BasicExtractor [http-nio-8080-exec-5] extracted value ([first_na5_2_0_] : [VARCHAR]) - [ARMAAN]
2022-06-29 00:09:31,060 TRACE org.hibernate.type.descriptor.sql.BasicExtractor [http-nio-8080-exec-5] extracted value ([gender6_2_0_] : [VARCHAR]) - [MALE]
2022-06-29 00:09:31,061 TRACE org.hibernate.type.descriptor.sql.BasicExtractor [http-nio-8080-exec-5] extracted value ([last_nam7_2_0_] : [VARCHAR]) - [SINGH]
2022-06-29 00:09:31,061 TRACE org.hibernate.type.descriptor.sql.BasicExtractor [http-nio-8080-exec-5] extracted value ([password8_2_0_] : [VARCHAR]) - [Pass]
2022-06-29 00:09:31,061 TRACE org.hibernate.type.descriptor.sql.BasicExtractor [http-nio-8080-exec-5] extracted value ([photo9_2_0_] : [VARCHAR]) - [Screen Shot 2022-05-23 at 10.12.28 AM.png]
2022-06-29 00:09:31,061 TRACE org.hibernate.type.descriptor.sql.BasicExtractor [http-nio-8080-exec-5] extracted value ([role10_2_0_] : [VARCHAR]) - [ADMIN]
2022-06-29 00:09:31,061 TRACE org.hibernate.type.descriptor.sql.BasicExtractor [http-nio-8080-exec-5] extracted value ([user_na11_2_0_] : [VARCHAR]) - [itsaryan]
2022-06-29 11:20:48,202 TRACE org.hibernate.type.spi.TypeConfiguration$Scope [SpringApplicationShutdownHook] Handling #sessionFactoryClosed from [org.hibernate.internal.SessionFactoryImpl@3921e3fb] for TypeConfiguration
2022-06-29 11:20:48,210 DEBUG org.hibernate.type.spi.TypeConfiguration$Scope [SpringApplicationShutdownHook] Un-scoping TypeConfiguration [org.hibernate.type.spi.TypeConfiguration$Scope@e688df0] from SessionFactory [org.hibernate.internal.SessionFactoryImpl@3921e3fb]
