2022-06-07 14:10:29,389 DEBUG org.hibernate.type.BasicTypeRegistry [restartedMain] Adding type registration integer -> org.hibernate.type.IntegerType@23bd7c9c
2022-06-07 14:10:29,393 DEBUG org.hibernate.type.BasicTypeRegistry [restartedMain] Adding type registration int -> org.hibernate.type.IntegerType@23bd7c9c
2022-06-07 14:10:29,393 DEBUG org.hibernate.type.BasicTypeRegistry [restartedMain] Adding type registration java.lang.Integer -> org.hibernate.type.IntegerType@23bd7c9c
2022-06-07 14:10:29,393 DEBUG org.hibernate.type.BasicTypeRegistry [restartedMain] Adding type registration long -> org.hibernate.type.LongType@56e423a8
2022-06-07 14:10:29,393 DEBUG org.hibernate.type.BasicTypeRegistry [restartedMain] Adding type registration long -> org.hibernate.type.LongType@56e423a8
2022-06-07 14:10:29,393 DEBUG org.hibernate.type.BasicTypeRegistry [restartedMain] Adding type registration java.lang.Long -> org.hibernate.type.LongType@56e423a8
2022-06-07 14:10:29,393 DEBUG org.hibernate.type.BasicTypeRegistry [restartedMain] Adding type registration float -> org.hibernate.type.FloatType@4e5bcc8
2022-06-07 14:10:29,393 DEBUG org.hibernate.type.BasicTypeRegistry [restartedMain] Adding type registration float -> org.hibernate.type.FloatType@4e5bcc8
2022-06-07 14:10:29,393 DEBUG org.hibernate.type.BasicTypeRegistry [restartedMain] Adding type registration java.lang.Float -> org.hibernate.type.FloatType@4e5bcc8
2022-06-07 14:10:29,393 DEBUG org.hibernate.type.BasicTypeRegistry [restartedMain] Adding type registration double -> org.hibernate.type.DoubleType@26028d16
2022-06-07 14:10:29,393 DEBUG org.hibernate.type.BasicTypeRegistry [restartedMain] Adding type registration double -> org.hibernate.type.DoubleType@26028d16
2022-06-07 14:10:29,393 DEBUG org.hibernate.type.BasicTypeRegistry [restartedMain] Adding type registration java.lang.Double -> org.hibernate.type.DoubleType@26028d16
2022-06-07 14:10:29,393 DEBUG org.hibernate.type.BasicTypeRegistry [restartedMain] Adding type registration big_decimal -> org.hibernate.type.BigDecimalType@7b29fe8a
2022-06-07 14:10:29,393 DEBUG org.hibernate.type.BasicTypeRegistry [restartedMain] Adding type registration java.math.BigDecimal -> org.hibernate.type.BigDecimalType@7b29fe8a
2022-06-07 14:10:29,393 DEBUG org.hibernate.type.BasicTypeRegistry [restartedMain] Adding type registration big_integer -> org.hibernate.type.BigIntegerType@75cc6501
2022-06-07 14:10:29,393 DEBUG org.hibernate.type.BasicTypeRegistry [restartedMain] Adding type registration java.math.BigInteger -> org.hibernate.type.BigIntegerType@75cc6501
2022-06-07 14:10:29,393 DEBUG org.hibernate.type.BasicTypeRegistry [restartedMain] Adding type registration string -> org.hibernate.type.StringType@4e4e7c5d
2022-06-07 14:10:29,393 DEBUG org.hibernate.type.BasicTypeRegistry [restartedMain] Adding type registration java.lang.String -> org.hibernate.type.StringType@4e4e7c5d
2022-06-07 14:10:29,393 DEBUG org.hibernate.type.BasicTypeRegistry [restartedMain] Adding type registration nstring -> org.hibernate.type.StringNVarcharType@16f4ed68
2022-06-07 14:10:29,393 DEBUG org.hibernate.type.BasicTypeRegistry [restartedMain] Adding type registration ncharacter -> org.hibernate.type.CharacterNCharType@58dfd8a8
2022-06-07 14:10:29,393 DEBUG org.hibernate.type.BasicTypeRegistry [restartedMain] Adding type registration url -> org.hibernate.type.UrlType@52ed3907
2022-06-07 14:10:29,393 DEBUG org.hibernate.type.BasicTypeRegistry [restartedMain] Adding type registration java.net.URL -> org.hibernate.type.UrlType@52ed3907
2022-06-07 14:10:29,393 DEBUG org.hibernate.type.BasicTypeRegistry [restartedMain] Adding type registration Duration -> org.hibernate.type.DurationType@35ba0393
2022-06-07 14:10:29,393 DEBUG org.hibernate.type.BasicTypeRegistry [restartedMain] Adding type registration java.time.Duration -> org.hibernate.type.DurationType@35ba0393
2022-06-07 14:10:29,393 DEBUG org.hibernate.type.BasicTypeRegistry [restartedMain] Adding type registration Instant -> org.hibernate.type.InstantType@5b7eb46b
2022-06-07 14:10:29,393 DEBUG org.hibernate.type.BasicTypeRegistry [restartedMain] Adding type registration java.time.Instant -> org.hibernate.type.InstantType@5b7eb46b
2022-06-07 14:10:29,393 DEBUG org.hibernate.type.BasicTypeRegistry [restartedMain] Adding type registration LocalDateTime -> org.hibernate.type.LocalDateTimeType@5bd06799
2022-06-07 14:10:29,394 DEBUG org.hibernate.type.BasicTypeRegistry [restartedMain] Adding type registration java.time.LocalDateTime -> org.hibernate.type.LocalDateTimeType@5bd06799
2022-06-07 14:10:29,394 DEBUG org.hibernate.type.BasicTypeRegistry [restartedMain] Adding type registration LocalDate -> org.hibernate.type.LocalDateType@7d9de04b
2022-06-07 14:10:29,394 DEBUG org.hibernate.type.BasicTypeRegistry [restartedMain] Adding type registration java.time.LocalDate -> org.hibernate.type.LocalDateType@7d9de04b
2022-06-07 14:10:29,394 DEBUG org.hibernate.type.BasicTypeRegistry [restartedMain] Adding type registration LocalTime -> org.hibernate.type.LocalTimeType@2beb5be5
2022-06-07 14:10:29,394 DEBUG org.hibernate.type.BasicTypeRegistry [restartedMain] Adding type registration java.time.LocalTime -> org.hibernate.type.LocalTimeType@2beb5be5
2022-06-07 14:10:29,394 DEBUG org.hibernate.type.BasicTypeRegistry [restartedMain] Adding type registration OffsetDateTime -> org.hibernate.type.OffsetDateTimeType@60068cdd
2022-06-07 14:10:29,394 DEBUG org.hibernate.type.BasicTypeRegistry [restartedMain] Adding type registration java.time.OffsetDateTime -> org.hibernate.type.OffsetDateTimeType@60068cdd
2022-06-07 14:10:29,394 DEBUG org.hibernate.type.BasicTypeRegistry [restartedMain] Adding type registration OffsetTime -> org.hibernate.type.OffsetTimeType@fa60269
2022-06-07 14:10:29,394 DEBUG org.hibernate.type.BasicTypeRegistry [restartedMain] Adding type registration java.time.OffsetTime -> org.hibernate.type.OffsetTimeType@fa60269
2022-06-07 14:10:29,394 DEBUG org.hibernate.type.BasicTypeRegistry [restartedMain] Adding type registration ZonedDateTime -> org.hibernate.type.ZonedDateTimeType@782d6603
2022-06-07 14:10:29,394 DEBUG org.hibernate.type.BasicTypeRegistry [restartedMain] Adding type registration java.time.ZonedDateTime -> org.hibernate.type.ZonedDateTimeType@782d6603
2022-06-07 14:10:29,394 DEBUG org.hibernate.type.BasicTypeRegistry [restartedMain] Adding type registration date -> org.hibernate.type.DateType@6655d2d9
2022-06-07 14:10:29,394 DEBUG org.hibernate.type.BasicTypeRegistry [restartedMain] Adding type registration java.sql.Date -> org.hibernate.type.DateType@6655d2d9
2022-06-07 14:10:29,394 DEBUG org.hibernate.type.BasicTypeRegistry [restartedMain] Adding type registration time -> org.hibernate.type.TimeType@66dc15a0
2022-06-07 14:10:29,394 DEBUG org.hibernate.type.BasicTypeRegistry [restartedMain] Adding type registration java.sql.Time -> org.hibernate.type.TimeType@66dc15a0
2022-06-07 14:10:29,394 DEBUG org.hibernate.type.BasicTypeRegistry [restartedMain] Adding type registration timestamp -> org.hibernate.type.TimestampType@155f6b33
2022-06-07 14:10:29,394 DEBUG org.hibernate.type.BasicTypeRegistry [restartedMain] Adding type registration java.sql.Timestamp -> org.hibernate.type.TimestampType@155f6b33
2022-06-07 14:10:29,394 DEBUG org.hibernate.type.BasicTypeRegistry [restartedMain] Adding type registration java.util.Date -> org.hibernate.type.TimestampType@155f6b33
2022-06-07 14:10:29,394 DEBUG org.hibernate.type.BasicTypeRegistry [restartedMain] Adding type registration dbtimestamp -> org.hibernate.type.DbTimestampType@2725df3b
2022-06-07 14:10:29,394 DEBUG org.hibernate.type.BasicTypeRegistry [restartedMain] Adding type registration calendar -> org.hibernate.type.CalendarType@2554b735
2022-06-07 14:10:29,394 DEBUG org.hibernate.type.BasicTypeRegistry [restartedMain] Adding type registration java.util.Calendar -> org.hibernate.type.CalendarType@2554b735
2022-06-07 14:10:29,394 DEBUG org.hibernate.type.BasicTypeRegistry [restartedMain] Adding type registration java.util.GregorianCalendar -> org.hibernate.type.CalendarType@2554b735
2022-06-07 14:10:29,394 DEBUG org.hibernate.type.BasicTypeRegistry [restartedMain] Adding type registration calendar_date -> org.hibernate.type.CalendarDateType@472952f3
2022-06-07 14:10:29,394 DEBUG org.hibernate.type.BasicTypeRegistry [restartedMain] Adding type registration calendar_time -> org.hibernate.type.CalendarTimeType@47199563
2022-06-07 14:10:29,394 DEBUG org.hibernate.type.BasicTypeRegistry [restartedMain] Adding type registration locale -> org.hibernate.type.LocaleType@1b6cf809
2022-06-07 14:10:29,394 DEBUG org.hibernate.type.BasicTypeRegistry [restartedMain] Adding type registration java.util.Locale -> org.hibernate.type.LocaleType@1b6cf809
2022-06-07 14:10:29,394 DEBUG org.hibernate.type.BasicTypeRegistry [restartedMain] Adding type registration currency -> org.hibernate.type.CurrencyType@3620fac1
2022-06-07 14:10:29,394 DEBUG org.hibernate.type.BasicTypeRegistry [restartedMain] Adding type registration java.util.Currency -> org.hibernate.type.CurrencyType@3620fac1
2022-06-07 14:10:29,394 DEBUG org.hibernate.type.BasicTypeRegistry [restartedMain] Adding type registration timezone -> org.hibernate.type.TimeZoneType@7dba6bde
2022-06-07 14:10:29,394 DEBUG org.hibernate.type.BasicTypeRegistry [restartedMain] Adding type registration java.util.TimeZone -> org.hibernate.type.TimeZoneType@7dba6bde
2022-06-07 14:10:29,394 DEBUG org.hibernate.type.BasicTypeRegistry [restartedMain] Adding type registration class -> org.hibernate.type.ClassType@246a981b
2022-06-07 14:10:29,394 DEBUG org.hibernate.type.BasicTypeRegistry [restartedMain] Adding type registration java.lang.Class -> org.hibernate.type.ClassType@246a981b
2022-06-07 14:10:29,394 DEBUG org.hibernate.type.BasicTypeRegistry [restartedMain] Adding type registration uuid-binary -> org.hibernate.type.UUIDBinaryType@140d8360
2022-06-07 14:10:29,394 DEBUG org.hibernate.type.BasicTypeRegistry [restartedMain] Adding type registration java.util.UUID -> org.hibernate.type.UUIDBinaryType@140d8360
2022-06-07 14:10:29,394 DEBUG org.hibernate.type.BasicTypeRegistry [restartedMain] Adding type registration uuid-char -> org.hibernate.type.UUIDCharType@497e59c5
2022-06-07 14:10:29,394 DEBUG org.hibernate.type.BasicTypeRegistry [restartedMain] Adding type registration binary -> org.hibernate.type.BinaryType@6e9fcbf6
2022-06-07 14:10:29,394 DEBUG org.hibernate.type.BasicTypeRegistry [restartedMain] Adding type registration byte[] -> org.hibernate.type.BinaryType@6e9fcbf6
2022-06-07 14:10:29,394 DEBUG org.hibernate.type.BasicTypeRegistry [restartedMain] Adding type registration [B -> org.hibernate.type.BinaryType@6e9fcbf6
2022-06-07 14:10:29,394 DEBUG org.hibernate.type.BasicTypeRegistry [restartedMain] Adding type registration wrapper-binary -> org.hibernate.type.WrapperBinaryType@628e155d
2022-06-07 14:10:29,394 DEBUG org.hibernate.type.BasicTypeRegistry [restartedMain] Adding type registration Byte[] -> org.hibernate.type.WrapperBinaryType@628e155d
2022-06-07 14:10:29,394 DEBUG org.hibernate.type.BasicTypeRegistry [restartedMain] Adding type registration [Ljava.lang.Byte; -> org.hibernate.type.WrapperBinaryType@628e155d
2022-06-07 14:10:29,394 DEBUG org.hibernate.type.BasicTypeRegistry [restartedMain] Adding type registration row_version -> org.hibernate.type.RowVersionType@383bd8dd
2022-06-07 14:10:29,394 DEBUG org.hibernate.type.BasicTypeRegistry [restartedMain] Adding type registration image -> org.hibernate.type.ImageType@6b988771
2022-06-07 14:10:29,394 DEBUG org.hibernate.type.BasicTypeRegistry [restartedMain] Adding type registration characters -> org.hibernate.type.CharArrayType@3377804
2022-06-07 14:10:29,394 DEBUG org.hibernate.type.BasicTypeRegistry [restartedMain] Adding type registration char[] -> org.hibernate.type.CharArrayType@3377804
2022-06-07 14:10:29,394 DEBUG org.hibernate.type.BasicTypeRegistry [restartedMain] Adding type registration [C -> org.hibernate.type.CharArrayType@3377804
2022-06-07 14:10:29,394 DEBUG org.hibernate.type.BasicTypeRegistry [restartedMain] Adding type registration wrapper-characters -> org.hibernate.type.CharacterArrayType@34bcb117
2022-06-07 14:10:29,394 DEBUG org.hibernate.type.BasicTypeRegistry [restartedMain] Adding type registration [Ljava.lang.Character; -> org.hibernate.type.CharacterArrayType@34bcb117
2022-06-07 14:10:29,394 DEBUG org.hibernate.type.BasicTypeRegistry [restartedMain] Adding type registration Character[] -> org.hibernate.type.CharacterArrayType@34bcb117
2022-06-07 14:10:29,394 DEBUG org.hibernate.type.BasicTypeRegistry [restartedMain] Adding type registration text -> org.hibernate.type.TextType@75edae03
2022-06-07 14:10:29,394 DEBUG org.hibernate.type.BasicTypeRegistry [restartedMain] Adding type registration ntext -> org.hibernate.type.NTextType@66baa081
2022-06-07 14:10:29,394 DEBUG org.hibernate.type.BasicTypeRegistry [restartedMain] Adding type registration blob -> org.hibernate.type.BlobType@6625110f
2022-06-07 14:10:29,394 DEBUG org.hibernate.type.BasicTypeRegistry [restartedMain] Adding type registration java.sql.Blob -> org.hibernate.type.BlobType@6625110f
2022-06-07 14:10:29,394 DEBUG org.hibernate.type.BasicTypeRegistry [restartedMain] Adding type registration materialized_blob -> org.hibernate.type.MaterializedBlobType@6b354929
2022-06-07 14:10:29,395 DEBUG org.hibernate.type.BasicTypeRegistry [restartedMain] Adding type registration clob -> org.hibernate.type.ClobType@31e2bd20
2022-06-07 14:10:29,395 DEBUG org.hibernate.type.BasicTypeRegistry [restartedMain] Adding type registration java.sql.Clob -> org.hibernate.type.ClobType@31e2bd20
2022-06-07 14:10:29,395 DEBUG org.hibernate.type.BasicTypeRegistry [restartedMain] Adding type registration nclob -> org.hibernate.type.NClobType@525c730e
2022-06-07 14:10:29,396 DEBUG org.hibernate.type.BasicTypeRegistry [restartedMain] Adding type registration java.sql.NClob -> org.hibernate.type.NClobType@525c730e
2022-06-07 14:10:29,396 DEBUG org.hibernate.type.BasicTypeRegistry [restartedMain] Adding type registration materialized_clob -> org.hibernate.type.MaterializedClobType@8953c3a
2022-06-07 14:10:29,396 DEBUG org.hibernate.type.BasicTypeRegistry [restartedMain] Adding type registration materialized_nclob -> org.hibernate.type.MaterializedNClobType@3ed1786c
2022-06-07 14:10:29,396 DEBUG org.hibernate.type.BasicTypeRegistry [restartedMain] Adding type registration serializable -> org.hibernate.type.SerializableType@372eea8e
2022-06-07 14:10:29,396 DEBUG org.hibernate.type.BasicTypeRegistry [restartedMain] Adding type registration object -> org.hibernate.type.ObjectType@33a2caa3
2022-06-07 14:10:29,396 DEBUG org.hibernate.type.BasicTypeRegistry [restartedMain] Adding type registration java.lang.Object -> org.hibernate.type.ObjectType@33a2caa3
2022-06-07 14:10:29,396 DEBUG org.hibernate.type.BasicTypeRegistry [restartedMain] Adding type registration imm_date -> org.hibernate.type.AdaptedImmutableType@56c2d8a6
2022-06-07 14:10:29,396 DEBUG org.hibernate.type.BasicTypeRegistry [restartedMain] Adding type registration imm_time -> org.hibernate.type.AdaptedImmutableType@6513e327
2022-06-07 14:10:29,396 DEBUG org.hibernate.type.BasicTypeRegistry [restartedMain] Adding type registration imm_timestamp -> org.hibernate.type.AdaptedImmutableType@68b7a211
2022-06-07 14:10:29,396 DEBUG org.hibernate.type.BasicTypeRegistry [restartedMain] Adding type registration imm_dbtimestamp -> org.hibernate.type.AdaptedImmutableType@198c233f
2022-06-07 14:10:29,396 DEBUG org.hibernate.type.BasicTypeRegistry [restartedMain] Adding type registration imm_calendar -> org.hibernate.type.AdaptedImmutableType@594bdf40
2022-06-07 14:10:29,396 DEBUG org.hibernate.type.BasicTypeRegistry [restartedMain] Adding type registration imm_calendar_date -> org.hibernate.type.AdaptedImmutableType@233b0595
2022-06-07 14:10:29,396 DEBUG org.hibernate.type.BasicTypeRegistry [restartedMain] Adding type registration imm_binary -> org.hibernate.type.AdaptedImmutableType@76c98cc9
2022-06-07 14:10:29,396 DEBUG org.hibernate.type.BasicTypeRegistry [restartedMain] Adding type registration imm_serializable -> org.hibernate.type.AdaptedImmutableType@ea4ccf4
2022-06-07 14:10:29,447 DEBUG org.hibernate.type.spi.TypeConfiguration$Scope [restartedMain] Scoping TypeConfiguration [org.hibernate.type.spi.TypeConfiguration@41d37dce] to MetadataBuildingContext [org.hibernate.boot.internal.MetadataBuildingContextRootImpl@46227afb]
2022-06-07 14:10:29,456 DEBUG org.hibernate.type.spi.TypeConfiguration$Scope [restartedMain] Scoping TypeConfiguration [org.hibernate.type.spi.TypeConfiguration@41d37dce] to SessionFactoryImpl [org.hibernate.internal.SessionFactoryImpl@1a8bd2df]
2022-06-07 14:10:29,499 TRACE org.hibernate.type.spi.TypeConfiguration$Scope [restartedMain] Handling #sessionFactoryCreated from [org.hibernate.internal.SessionFactoryImpl@1a8bd2df] for TypeConfiguration
2022-06-07 14:11:22,042 TRACE org.hibernate.type.spi.TypeConfiguration$Scope [Thread-55] Handling #sessionFactoryClosed from [org.hibernate.internal.SessionFactoryImpl@1a8bd2df] for TypeConfiguration
2022-06-07 14:11:22,042 DEBUG org.hibernate.type.spi.TypeConfiguration$Scope [Thread-55] Un-scoping TypeConfiguration [org.hibernate.type.spi.TypeConfiguration$Scope@5a49c2f4] from SessionFactory [org.hibernate.internal.SessionFactoryImpl@1a8bd2df]
2022-06-07 14:11:23,280 DEBUG org.hibernate.type.BasicTypeRegistry [restartedMain] Adding type registration boolean -> org.hibernate.type.BooleanType@2407ddfc
2022-06-07 14:11:23,280 DEBUG org.hibernate.type.BasicTypeRegistry [restartedMain] Adding type registration boolean -> org.hibernate.type.BooleanType@2407ddfc
2022-06-07 14:11:23,280 DEBUG org.hibernate.type.BasicTypeRegistry [restartedMain] Adding type registration java.lang.Boolean -> org.hibernate.type.BooleanType@2407ddfc
2022-06-07 14:11:23,280 DEBUG org.hibernate.type.BasicTypeRegistry [restartedMain] Adding type registration numeric_boolean -> org.hibernate.type.NumericBooleanType@5e7ee0ad
2022-06-07 14:11:23,280 DEBUG org.hibernate.type.BasicTypeRegistry [restartedMain] Adding type registration true_false -> org.hibernate.type.TrueFalseType@9a04f6b
2022-06-07 14:11:23,280 DEBUG org.hibernate.type.BasicTypeRegistry [restartedMain] Adding type registration yes_no -> org.hibernate.type.YesNoType@b343b75
2022-06-07 14:11:23,280 DEBUG org.hibernate.type.BasicTypeRegistry [restartedMain] Adding type registration byte -> org.hibernate.type.ByteType@38488068
2022-06-07 14:11:23,280 DEBUG org.hibernate.type.BasicTypeRegistry [restartedMain] Adding type registration byte -> org.hibernate.type.ByteType@38488068
2022-06-07 14:11:23,280 DEBUG org.hibernate.type.BasicTypeRegistry [restartedMain] Adding type registration java.lang.Byte -> org.hibernate.type.ByteType@38488068
2022-06-07 14:11:23,280 DEBUG org.hibernate.type.BasicTypeRegistry [restartedMain] Adding type registration character -> org.hibernate.type.CharacterType@5f060c61
2022-06-07 14:11:23,280 DEBUG org.hibernate.type.BasicTypeRegistry [restartedMain] Adding type registration char -> org.hibernate.type.CharacterType@5f060c61
2022-06-07 14:11:23,280 DEBUG org.hibernate.type.BasicTypeRegistry [restartedMain] Adding type registration java.lang.Character -> org.hibernate.type.CharacterType@5f060c61
2022-06-07 14:11:23,280 DEBUG org.hibernate.type.BasicTypeRegistry [restartedMain] Adding type registration short -> org.hibernate.type.ShortType@349107a2
2022-06-07 14:11:23,280 DEBUG org.hibernate.type.BasicTypeRegistry [restartedMain] Adding type registration short -> org.hibernate.type.ShortType@349107a2
2022-06-07 14:11:23,280 DEBUG org.hibernate.type.BasicTypeRegistry [restartedMain] Adding type registration java.lang.Short -> org.hibernate.type.ShortType@349107a2
2022-06-07 14:11:23,280 DEBUG org.hibernate.type.BasicTypeRegistry [restartedMain] Adding type registration integer -> org.hibernate.type.IntegerType@23bd7c9c
2022-06-07 14:11:23,281 DEBUG org.hibernate.type.BasicTypeRegistry [restartedMain] Adding type registration int -> org.hibernate.type.IntegerType@23bd7c9c
2022-06-07 14:11:23,281 DEBUG org.hibernate.type.BasicTypeRegistry [restartedMain] Adding type registration java.lang.Integer -> org.hibernate.type.IntegerType@23bd7c9c
2022-06-07 14:11:23,281 DEBUG org.hibernate.type.BasicTypeRegistry [restartedMain] Adding type registration long -> org.hibernate.type.LongType@56e423a8
2022-06-07 14:11:23,281 DEBUG org.hibernate.type.BasicTypeRegistry [restartedMain] Adding type registration long -> org.hibernate.type.LongType@56e423a8
2022-06-07 14:11:23,281 DEBUG org.hibernate.type.BasicTypeRegistry [restartedMain] Adding type registration java.lang.Long -> org.hibernate.type.LongType@56e423a8
2022-06-07 14:11:23,281 DEBUG org.hibernate.type.BasicTypeRegistry [restartedMain] Adding type registration float -> org.hibernate.type.FloatType@4e5bcc8
2022-06-07 14:11:23,281 DEBUG org.hibernate.type.BasicTypeRegistry [restartedMain] Adding type registration float -> org.hibernate.type.FloatType@4e5bcc8
2022-06-07 14:11:23,281 DEBUG org.hibernate.type.BasicTypeRegistry [restartedMain] Adding type registration java.lang.Float -> org.hibernate.type.FloatType@4e5bcc8
2022-06-07 14:11:23,281 DEBUG org.hibernate.type.BasicTypeRegistry [restartedMain] Adding type registration double -> org.hibernate.type.DoubleType@26028d16
2022-06-07 14:11:23,281 DEBUG org.hibernate.type.BasicTypeRegistry [restartedMain] Adding type registration double -> org.hibernate.type.DoubleType@26028d16
2022-06-07 14:11:23,281 DEBUG org.hibernate.type.BasicTypeRegistry [restartedMain] Adding type registration java.lang.Double -> org.hibernate.type.DoubleType@26028d16
2022-06-07 14:11:23,281 DEBUG org.hibernate.type.BasicTypeRegistry [restartedMain] Adding type registration big_decimal -> org.hibernate.type.BigDecimalType@7b29fe8a
2022-06-07 14:11:23,281 DEBUG org.hibernate.type.BasicTypeRegistry [restartedMain] Adding type registration java.math.BigDecimal -> org.hibernate.type.BigDecimalType@7b29fe8a
2022-06-07 14:11:23,281 DEBUG org.hibernate.type.BasicTypeRegistry [restartedMain] Adding type registration big_integer -> org.hibernate.type.BigIntegerType@75cc6501
2022-06-07 14:11:23,281 DEBUG org.hibernate.type.BasicTypeRegistry [restartedMain] Adding type registration java.math.BigInteger -> org.hibernate.type.BigIntegerType@75cc6501
2022-06-07 14:11:23,281 DEBUG org.hibernate.type.BasicTypeRegistry [restartedMain] Adding type registration string -> org.hibernate.type.StringType@4e4e7c5d
2022-06-07 14:11:23,281 DEBUG org.hibernate.type.BasicTypeRegistry [restartedMain] Adding type registration java.lang.String -> org.hibernate.type.StringType@4e4e7c5d
2022-06-07 14:11:23,281 DEBUG org.hibernate.type.BasicTypeRegistry [restartedMain] Adding type registration nstring -> org.hibernate.type.StringNVarcharType@16f4ed68
2022-06-07 14:11:23,281 DEBUG org.hibernate.type.BasicTypeRegistry [restartedMain] Adding type registration ncharacter -> org.hibernate.type.CharacterNCharType@58dfd8a8
2022-06-07 14:11:23,281 DEBUG org.hibernate.type.BasicTypeRegistry [restartedMain] Adding type registration url -> org.hibernate.type.UrlType@52ed3907
2022-06-07 14:11:23,281 DEBUG org.hibernate.type.BasicTypeRegistry [restartedMain] Adding type registration java.net.URL -> org.hibernate.type.UrlType@52ed3907
2022-06-07 14:11:23,281 DEBUG org.hibernate.type.BasicTypeRegistry [restartedMain] Adding type registration Duration -> org.hibernate.type.DurationType@35ba0393
2022-06-07 14:11:23,281 DEBUG org.hibernate.type.BasicTypeRegistry [restartedMain] Adding type registration java.time.Duration -> org.hibernate.type.DurationType@35ba0393
2022-06-07 14:11:23,281 DEBUG org.hibernate.type.BasicTypeRegistry [restartedMain] Adding type registration Instant -> org.hibernate.type.InstantType@5b7eb46b
2022-06-07 14:11:23,281 DEBUG org.hibernate.type.BasicTypeRegistry [restartedMain] Adding type registration java.time.Instant -> org.hibernate.type.InstantType@5b7eb46b
2022-06-07 14:11:23,281 DEBUG org.hibernate.type.BasicTypeRegistry [restartedMain] Adding type registration LocalDateTime -> org.hibernate.type.LocalDateTimeType@5bd06799
2022-06-07 14:11:23,281 DEBUG org.hibernate.type.BasicTypeRegistry [restartedMain] Adding type registration java.time.LocalDateTime -> org.hibernate.type.LocalDateTimeType@5bd06799
2022-06-07 14:11:23,281 DEBUG org.hibernate.type.BasicTypeRegistry [restartedMain] Adding type registration LocalDate -> org.hibernate.type.LocalDateType@7d9de04b
2022-06-07 14:11:23,281 DEBUG org.hibernate.type.BasicTypeRegistry [restartedMain] Adding type registration java.time.LocalDate -> org.hibernate.type.LocalDateType@7d9de04b
2022-06-07 14:11:23,281 DEBUG org.hibernate.type.BasicTypeRegistry [restartedMain] Adding type registration LocalTime -> org.hibernate.type.LocalTimeType@2beb5be5
2022-06-07 14:11:23,281 DEBUG org.hibernate.type.BasicTypeRegistry [restartedMain] Adding type registration java.time.LocalTime -> org.hibernate.type.LocalTimeType@2beb5be5
2022-06-07 14:11:23,281 DEBUG org.hibernate.type.BasicTypeRegistry [restartedMain] Adding type registration OffsetDateTime -> org.hibernate.type.OffsetDateTimeType@60068cdd
2022-06-07 14:11:23,281 DEBUG org.hibernate.type.BasicTypeRegistry [restartedMain] Adding type registration java.time.OffsetDateTime -> org.hibernate.type.OffsetDateTimeType@60068cdd
2022-06-07 14:11:23,281 DEBUG org.hibernate.type.BasicTypeRegistry [restartedMain] Adding type registration OffsetTime -> org.hibernate.type.OffsetTimeType@fa60269
2022-06-07 14:11:23,281 DEBUG org.hibernate.type.BasicTypeRegistry [restartedMain] Adding type registration java.time.OffsetTime -> org.hibernate.type.OffsetTimeType@fa60269
2022-06-07 14:11:23,281 DEBUG org.hibernate.type.BasicTypeRegistry [restartedMain] Adding type registration ZonedDateTime -> org.hibernate.type.ZonedDateTimeType@782d6603
2022-06-07 14:11:23,281 DEBUG org.hibernate.type.BasicTypeRegistry [restartedMain] Adding type registration java.time.ZonedDateTime -> org.hibernate.type.ZonedDateTimeType@782d6603
2022-06-07 14:11:23,281 DEBUG org.hibernate.type.BasicTypeRegistry [restartedMain] Adding type registration date -> org.hibernate.type.DateType@6655d2d9
2022-06-07 14:11:23,281 DEBUG org.hibernate.type.BasicTypeRegistry [restartedMain] Adding type registration java.sql.Date -> org.hibernate.type.DateType@6655d2d9
2022-06-07 14:11:23,281 DEBUG org.hibernate.type.BasicTypeRegistry [restartedMain] Adding type registration time -> org.hibernate.type.TimeType@66dc15a0
2022-06-07 14:11:23,282 DEBUG org.hibernate.type.BasicTypeRegistry [restartedMain] Adding type registration java.sql.Time -> org.hibernate.type.TimeType@66dc15a0
2022-06-07 14:11:23,282 DEBUG org.hibernate.type.BasicTypeRegistry [restartedMain] Adding type registration timestamp -> org.hibernate.type.TimestampType@155f6b33
2022-06-07 14:11:23,282 DEBUG org.hibernate.type.BasicTypeRegistry [restartedMain] Adding type registration java.sql.Timestamp -> org.hibernate.type.TimestampType@155f6b33
2022-06-07 14:11:23,282 DEBUG org.hibernate.type.BasicTypeRegistry [restartedMain] Adding type registration java.util.Date -> org.hibernate.type.TimestampType@155f6b33
2022-06-07 14:11:23,282 DEBUG org.hibernate.type.BasicTypeRegistry [restartedMain] Adding type registration dbtimestamp -> org.hibernate.type.DbTimestampType@2725df3b
2022-06-07 14:11:23,282 DEBUG org.hibernate.type.BasicTypeRegistry [restartedMain] Adding type registration calendar -> org.hibernate.type.CalendarType@2554b735
2022-06-07 14:11:23,282 DEBUG org.hibernate.type.BasicTypeRegistry [restartedMain] Adding type registration java.util.Calendar -> org.hibernate.type.CalendarType@2554b735
2022-06-07 14:11:23,282 DEBUG org.hibernate.type.BasicTypeRegistry [restartedMain] Adding type registration java.util.GregorianCalendar -> org.hibernate.type.CalendarType@2554b735
2022-06-07 14:11:23,282 DEBUG org.hibernate.type.BasicTypeRegistry [restartedMain] Adding type registration calendar_date -> org.hibernate.type.CalendarDateType@472952f3
2022-06-07 14:11:23,282 DEBUG org.hibernate.type.BasicTypeRegistry [restartedMain] Adding type registration calendar_time -> org.hibernate.type.CalendarTimeType@47199563
2022-06-07 14:11:23,282 DEBUG org.hibernate.type.BasicTypeRegistry [restartedMain] Adding type registration locale -> org.hibernate.type.LocaleType@1b6cf809
2022-06-07 14:11:23,282 DEBUG org.hibernate.type.BasicTypeRegistry [restartedMain] Adding type registration java.util.Locale -> org.hibernate.type.LocaleType@1b6cf809
2022-06-07 14:11:23,282 DEBUG org.hibernate.type.BasicTypeRegistry [restartedMain] Adding type registration currency -> org.hibernate.type.CurrencyType@3620fac1
2022-06-07 14:11:23,282 DEBUG org.hibernate.type.BasicTypeRegistry [restartedMain] Adding type registration java.util.Currency -> org.hibernate.type.CurrencyType@3620fac1
2022-06-07 14:11:23,282 DEBUG org.hibernate.type.BasicTypeRegistry [restartedMain] Adding type registration timezone -> org.hibernate.type.TimeZoneType@7dba6bde
2022-06-07 14:11:23,282 DEBUG org.hibernate.type.BasicTypeRegistry [restartedMain] Adding type registration java.util.TimeZone -> org.hibernate.type.TimeZoneType@7dba6bde
2022-06-07 14:11:23,282 DEBUG org.hibernate.type.BasicTypeRegistry [restartedMain] Adding type registration class -> org.hibernate.type.ClassType@246a981b
2022-06-07 14:11:23,282 DEBUG org.hibernate.type.BasicTypeRegistry [restartedMain] Adding type registration java.lang.Class -> org.hibernate.type.ClassType@246a981b
2022-06-07 14:11:23,282 DEBUG org.hibernate.type.BasicTypeRegistry [restartedMain] Adding type registration uuid-binary -> org.hibernate.type.UUIDBinaryType@140d8360
2022-06-07 14:11:23,282 DEBUG org.hibernate.type.BasicTypeRegistry [restartedMain] Adding type registration java.util.UUID -> org.hibernate.type.UUIDBinaryType@140d8360
2022-06-07 14:11:23,282 DEBUG org.hibernate.type.BasicTypeRegistry [restartedMain] Adding type registration uuid-char -> org.hibernate.type.UUIDCharType@497e59c5
2022-06-07 14:11:23,282 DEBUG org.hibernate.type.BasicTypeRegistry [restartedMain] Adding type registration binary -> org.hibernate.type.BinaryType@6e9fcbf6
2022-06-07 14:11:23,282 DEBUG org.hibernate.type.BasicTypeRegistry [restartedMain] Adding type registration byte[] -> org.hibernate.type.BinaryType@6e9fcbf6
2022-06-07 14:11:23,282 DEBUG org.hibernate.type.BasicTypeRegistry [restartedMain] Adding type registration [B -> org.hibernate.type.BinaryType@6e9fcbf6
2022-06-07 14:11:23,282 DEBUG org.hibernate.type.BasicTypeRegistry [restartedMain] Adding type registration wrapper-binary -> org.hibernate.type.WrapperBinaryType@628e155d
2022-06-07 14:11:23,282 DEBUG org.hibernate.type.BasicTypeRegistry [restartedMain] Adding type registration Byte[] -> org.hibernate.type.WrapperBinaryType@628e155d
2022-06-07 14:11:23,282 DEBUG org.hibernate.type.BasicTypeRegistry [restartedMain] Adding type registration [Ljava.lang.Byte; -> org.hibernate.type.WrapperBinaryType@628e155d
2022-06-07 14:11:23,282 DEBUG org.hibernate.type.BasicTypeRegistry [restartedMain] Adding type registration row_version -> org.hibernate.type.RowVersionType@383bd8dd
2022-06-07 14:11:23,282 DEBUG org.hibernate.type.BasicTypeRegistry [restartedMain] Adding type registration image -> org.hibernate.type.ImageType@6b988771
2022-06-07 14:11:23,282 DEBUG org.hibernate.type.BasicTypeRegistry [restartedMain] Adding type registration characters -> org.hibernate.type.CharArrayType@3377804
2022-06-07 14:11:23,282 DEBUG org.hibernate.type.BasicTypeRegistry [restartedMain] Adding type registration char[] -> org.hibernate.type.CharArrayType@3377804
2022-06-07 14:11:23,282 DEBUG org.hibernate.type.BasicTypeRegistry [restartedMain] Adding type registration [C -> org.hibernate.type.CharArrayType@3377804
2022-06-07 14:11:23,282 DEBUG org.hibernate.type.BasicTypeRegistry [restartedMain] Adding type registration wrapper-characters -> org.hibernate.type.CharacterArrayType@34bcb117
2022-06-07 14:11:23,282 DEBUG org.hibernate.type.BasicTypeRegistry [restartedMain] Adding type registration [Ljava.lang.Character; -> org.hibernate.type.CharacterArrayType@34bcb117
2022-06-07 14:11:23,282 DEBUG org.hibernate.type.BasicTypeRegistry [restartedMain] Adding type registration Character[] -> org.hibernate.type.CharacterArrayType@34bcb117
2022-06-07 14:11:23,282 DEBUG org.hibernate.type.BasicTypeRegistry [restartedMain] Adding type registration text -> org.hibernate.type.TextType@75edae03
2022-06-07 14:11:23,282 DEBUG org.hibernate.type.BasicTypeRegistry [restartedMain] Adding type registration ntext -> org.hibernate.type.NTextType@66baa081
2022-06-07 14:11:23,283 DEBUG org.hibernate.type.BasicTypeRegistry [restartedMain] Adding type registration blob -> org.hibernate.type.BlobType@6625110f
2022-06-07 14:11:23,283 DEBUG org.hibernate.type.BasicTypeRegistry [restartedMain] Adding type registration java.sql.Blob -> org.hibernate.type.BlobType@6625110f
2022-06-07 14:11:23,283 DEBUG org.hibernate.type.BasicTypeRegistry [restartedMain] Adding type registration materialized_blob -> org.hibernate.type.MaterializedBlobType@6b354929
2022-06-07 14:11:23,283 DEBUG org.hibernate.type.BasicTypeRegistry [restartedMain] Adding type registration clob -> org.hibernate.type.ClobType@31e2bd20
2022-06-07 14:11:23,283 DEBUG org.hibernate.type.BasicTypeRegistry [restartedMain] Adding type registration java.sql.Clob -> org.hibernate.type.ClobType@31e2bd20
2022-06-07 14:11:23,283 DEBUG org.hibernate.type.BasicTypeRegistry [restartedMain] Adding type registration nclob -> org.hibernate.type.NClobType@525c730e
2022-06-07 14:11:23,283 DEBUG org.hibernate.type.BasicTypeRegistry [restartedMain] Adding type registration java.sql.NClob -> org.hibernate.type.NClobType@525c730e
2022-06-07 14:11:23,283 DEBUG org.hibernate.type.BasicTypeRegistry [restartedMain] Adding type registration materialized_clob -> org.hibernate.type.MaterializedClobType@8953c3a
2022-06-07 14:11:23,283 DEBUG org.hibernate.type.BasicTypeRegistry [restartedMain] Adding type registration materialized_nclob -> org.hibernate.type.MaterializedNClobType@3ed1786c
2022-06-07 14:11:23,283 DEBUG org.hibernate.type.BasicTypeRegistry [restartedMain] Adding type registration serializable -> org.hibernate.type.SerializableType@372eea8e
2022-06-07 14:11:23,283 DEBUG org.hibernate.type.BasicTypeRegistry [restartedMain] Adding type registration object -> org.hibernate.type.ObjectType@33a2caa3
2022-06-07 14:11:23,283 DEBUG org.hibernate.type.BasicTypeRegistry [restartedMain] Adding type registration java.lang.Object -> org.hibernate.type.ObjectType@33a2caa3
2022-06-07 14:11:23,283 DEBUG org.hibernate.type.BasicTypeRegistry [restartedMain] Adding type registration imm_date -> org.hibernate.type.AdaptedImmutableType@b4ac310
2022-06-07 14:11:23,283 DEBUG org.hibernate.type.BasicTypeRegistry [restartedMain] Adding type registration imm_time -> org.hibernate.type.AdaptedImmutableType@7112ba17
2022-06-07 14:11:23,283 DEBUG org.hibernate.type.BasicTypeRegistry [restartedMain] Adding type registration imm_timestamp -> org.hibernate.type.AdaptedImmutableType@6cc5a577
2022-06-07 14:11:23,283 DEBUG org.hibernate.type.BasicTypeRegistry [restartedMain] Adding type registration imm_dbtimestamp -> org.hibernate.type.AdaptedImmutableType@74208556
2022-06-07 14:11:23,283 DEBUG org.hibernate.type.BasicTypeRegistry [restartedMain] Adding type registration imm_calendar -> org.hibernate.type.AdaptedImmutableType@29af8a81
2022-06-07 14:11:23,283 DEBUG org.hibernate.type.BasicTypeRegistry [restartedMain] Adding type registration imm_calendar_date -> org.hibernate.type.AdaptedImmutableType@4d894fa1
2022-06-07 14:11:23,283 DEBUG org.hibernate.type.BasicTypeRegistry [restartedMain] Adding type registration imm_binary -> org.hibernate.type.AdaptedImmutableType@ca6a57a
2022-06-07 14:11:23,283 DEBUG org.hibernate.type.BasicTypeRegistry [restartedMain] Adding type registration imm_serializable -> org.hibernate.type.AdaptedImmutableType@7c5c9b8d
2022-06-07 14:11:23,307 DEBUG org.hibernate.type.spi.TypeConfiguration$Scope [restartedMain] Scoping TypeConfiguration [org.hibernate.type.spi.TypeConfiguration@35ef75f4] to MetadataBuildingContext [org.hibernate.boot.internal.MetadataBuildingContextRootImpl@70703bb1]
2022-06-07 14:11:23,324 DEBUG org.hibernate.type.spi.TypeConfiguration$Scope [restartedMain] Scoping TypeConfiguration [org.hibernate.type.spi.TypeConfiguration@35ef75f4] to SessionFactoryImpl [org.hibernate.internal.SessionFactoryImpl@18a60cff]
2022-06-07 14:11:23,388 TRACE org.hibernate.type.spi.TypeConfiguration$Scope [restartedMain] Handling #sessionFactoryCreated from [org.hibernate.internal.SessionFactoryImpl@18a60cff] for TypeConfiguration
2022-06-07 14:13:32,079 TRACE org.hibernate.type.spi.TypeConfiguration$Scope [Thread-59] Handling #sessionFactoryClosed from [org.hibernate.internal.SessionFactoryImpl@18a60cff] for TypeConfiguration
2022-06-07 14:13:32,084 DEBUG org.hibernate.type.spi.TypeConfiguration$Scope [Thread-59] Un-scoping TypeConfiguration [org.hibernate.type.spi.TypeConfiguration$Scope@1f5e14b6] from SessionFactory [org.hibernate.internal.SessionFactoryImpl@18a60cff]
2022-06-07 14:13:34,619 DEBUG org.hibernate.type.BasicTypeRegistry [restartedMain] Adding type registration boolean -> org.hibernate.type.BooleanType@2407ddfc
2022-06-07 14:13:34,619 DEBUG org.hibernate.type.BasicTypeRegistry [restartedMain] Adding type registration boolean -> org.hibernate.type.BooleanType@2407ddfc
2022-06-07 14:13:34,619 DEBUG org.hibernate.type.BasicTypeRegistry [restartedMain] Adding type registration java.lang.Boolean -> org.hibernate.type.BooleanType@2407ddfc
2022-06-07 14:13:34,620 DEBUG org.hibernate.type.BasicTypeRegistry [restartedMain] Adding type registration numeric_boolean -> org.hibernate.type.NumericBooleanType@5e7ee0ad
2022-06-07 14:13:34,620 DEBUG org.hibernate.type.BasicTypeRegistry [restartedMain] Adding type registration true_false -> org.hibernate.type.TrueFalseType@9a04f6b
2022-06-07 14:13:34,620 DEBUG org.hibernate.type.BasicTypeRegistry [restartedMain] Adding type registration yes_no -> org.hibernate.type.YesNoType@b343b75
2022-06-07 14:13:34,620 DEBUG org.hibernate.type.BasicTypeRegistry [restartedMain] Adding type registration byte -> org.hibernate.type.ByteType@38488068
2022-06-07 14:13:34,620 DEBUG org.hibernate.type.BasicTypeRegistry [restartedMain] Adding type registration byte -> org.hibernate.type.ByteType@38488068
2022-06-07 14:13:34,620 DEBUG org.hibernate.type.BasicTypeRegistry [restartedMain] Adding type registration java.lang.Byte -> org.hibernate.type.ByteType@38488068
2022-06-07 14:13:34,620 DEBUG org.hibernate.type.BasicTypeRegistry [restartedMain] Adding type registration character -> org.hibernate.type.CharacterType@5f060c61
2022-06-07 14:13:34,620 DEBUG org.hibernate.type.BasicTypeRegistry [restartedMain] Adding type registration char -> org.hibernate.type.CharacterType@5f060c61
2022-06-07 14:13:34,620 DEBUG org.hibernate.type.BasicTypeRegistry [restartedMain] Adding type registration java.lang.Character -> org.hibernate.type.CharacterType@5f060c61
2022-06-07 14:13:34,620 DEBUG org.hibernate.type.BasicTypeRegistry [restartedMain] Adding type registration short -> org.hibernate.type.ShortType@349107a2
2022-06-07 14:13:34,620 DEBUG org.hibernate.type.BasicTypeRegistry [restartedMain] Adding type registration short -> org.hibernate.type.ShortType@349107a2
2022-06-07 14:13:34,620 DEBUG org.hibernate.type.BasicTypeRegistry [restartedMain] Adding type registration java.lang.Short -> org.hibernate.type.ShortType@349107a2
2022-06-07 14:13:34,620 DEBUG org.hibernate.type.BasicTypeRegistry [restartedMain] Adding type registration integer -> org.hibernate.type.IntegerType@23bd7c9c
2022-06-07 14:13:34,620 DEBUG org.hibernate.type.BasicTypeRegistry [restartedMain] Adding type registration int -> org.hibernate.type.IntegerType@23bd7c9c
2022-06-07 14:13:34,620 DEBUG org.hibernate.type.BasicTypeRegistry [restartedMain] Adding type registration java.lang.Integer -> org.hibernate.type.IntegerType@23bd7c9c
2022-06-07 14:13:34,620 DEBUG org.hibernate.type.BasicTypeRegistry [restartedMain] Adding type registration long -> org.hibernate.type.LongType@56e423a8
2022-06-07 14:13:34,620 DEBUG org.hibernate.type.BasicTypeRegistry [restartedMain] Adding type registration long -> org.hibernate.type.LongType@56e423a8
2022-06-07 14:13:34,620 DEBUG org.hibernate.type.BasicTypeRegistry [restartedMain] Adding type registration java.lang.Long -> org.hibernate.type.LongType@56e423a8
2022-06-07 14:13:34,620 DEBUG org.hibernate.type.BasicTypeRegistry [restartedMain] Adding type registration float -> org.hibernate.type.FloatType@4e5bcc8
2022-06-07 14:13:34,620 DEBUG org.hibernate.type.BasicTypeRegistry [restartedMain] Adding type registration float -> org.hibernate.type.FloatType@4e5bcc8
2022-06-07 14:13:34,620 DEBUG org.hibernate.type.BasicTypeRegistry [restartedMain] Adding type registration java.lang.Float -> org.hibernate.type.FloatType@4e5bcc8
2022-06-07 14:13:34,621 DEBUG org.hibernate.type.BasicTypeRegistry [restartedMain] Adding type registration double -> org.hibernate.type.DoubleType@26028d16
2022-06-07 14:13:34,621 DEBUG org.hibernate.type.BasicTypeRegistry [restartedMain] Adding type registration double -> org.hibernate.type.DoubleType@26028d16
2022-06-07 14:13:34,621 DEBUG org.hibernate.type.BasicTypeRegistry [restartedMain] Adding type registration java.lang.Double -> org.hibernate.type.DoubleType@26028d16
2022-06-07 14:13:34,621 DEBUG org.hibernate.type.BasicTypeRegistry [restartedMain] Adding type registration big_decimal -> org.hibernate.type.BigDecimalType@7b29fe8a
2022-06-07 14:13:34,621 DEBUG org.hibernate.type.BasicTypeRegistry [restartedMain] Adding type registration java.math.BigDecimal -> org.hibernate.type.BigDecimalType@7b29fe8a
2022-06-07 14:13:34,621 DEBUG org.hibernate.type.BasicTypeRegistry [restartedMain] Adding type registration big_integer -> org.hibernate.type.BigIntegerType@75cc6501
2022-06-07 14:13:34,621 DEBUG org.hibernate.type.BasicTypeRegistry [restartedMain] Adding type registration java.math.BigInteger -> org.hibernate.type.BigIntegerType@75cc6501
2022-06-07 14:13:34,621 DEBUG org.hibernate.type.BasicTypeRegistry [restartedMain] Adding type registration string -> org.hibernate.type.StringType@4e4e7c5d
2022-06-07 14:13:34,621 DEBUG org.hibernate.type.BasicTypeRegistry [restartedMain] Adding type registration java.lang.String -> org.hibernate.type.StringType@4e4e7c5d
2022-06-07 14:13:34,621 DEBUG org.hibernate.type.BasicTypeRegistry [restartedMain] Adding type registration nstring -> org.hibernate.type.StringNVarcharType@16f4ed68
2022-06-07 14:13:34,621 DEBUG org.hibernate.type.BasicTypeRegistry [restartedMain] Adding type registration ncharacter -> org.hibernate.type.CharacterNCharType@58dfd8a8
2022-06-07 14:13:34,621 DEBUG org.hibernate.type.BasicTypeRegistry [restartedMain] Adding type registration url -> org.hibernate.type.UrlType@52ed3907
2022-06-07 14:13:34,621 DEBUG org.hibernate.type.BasicTypeRegistry [restartedMain] Adding type registration java.net.URL -> org.hibernate.type.UrlType@52ed3907
2022-06-07 14:13:34,621 DEBUG org.hibernate.type.BasicTypeRegistry [restartedMain] Adding type registration Duration -> org.hibernate.type.DurationType@35ba0393
2022-06-07 14:13:34,621 DEBUG org.hibernate.type.BasicTypeRegistry [restartedMain] Adding type registration java.time.Duration -> org.hibernate.type.DurationType@35ba0393
2022-06-07 14:13:34,621 DEBUG org.hibernate.type.BasicTypeRegistry [restartedMain] Adding type registration Instant -> org.hibernate.type.InstantType@5b7eb46b
2022-06-07 14:13:34,621 DEBUG org.hibernate.type.BasicTypeRegistry [restartedMain] Adding type registration java.time.Instant -> org.hibernate.type.InstantType@5b7eb46b
2022-06-07 14:13:34,621 DEBUG org.hibernate.type.BasicTypeRegistry [restartedMain] Adding type registration LocalDateTime -> org.hibernate.type.LocalDateTimeType@5bd06799
2022-06-07 14:13:34,621 DEBUG org.hibernate.type.BasicTypeRegistry [restartedMain] Adding type registration java.time.LocalDateTime -> org.hibernate.type.LocalDateTimeType@5bd06799
2022-06-07 14:13:34,621 DEBUG org.hibernate.type.BasicTypeRegistry [restartedMain] Adding type registration LocalDate -> org.hibernate.type.LocalDateType@7d9de04b
2022-06-07 14:13:34,621 DEBUG org.hibernate.type.BasicTypeRegistry [restartedMain] Adding type registration java.time.LocalDate -> org.hibernate.type.LocalDateType@7d9de04b
2022-06-07 14:13:34,621 DEBUG org.hibernate.type.BasicTypeRegistry [restartedMain] Adding type registration LocalTime -> org.hibernate.type.LocalTimeType@2beb5be5
2022-06-07 14:13:34,621 DEBUG org.hibernate.type.BasicTypeRegistry [restartedMain] Adding type registration java.time.LocalTime -> org.hibernate.type.LocalTimeType@2beb5be5
2022-06-07 14:13:34,621 DEBUG org.hibernate.type.BasicTypeRegistry [restartedMain] Adding type registration OffsetDateTime -> org.hibernate.type.OffsetDateTimeType@60068cdd
2022-06-07 14:13:34,621 DEBUG org.hibernate.type.BasicTypeRegistry [restartedMain] Adding type registration java.time.OffsetDateTime -> org.hibernate.type.OffsetDateTimeType@60068cdd
2022-06-07 14:13:34,622 DEBUG org.hibernate.type.BasicTypeRegistry [restartedMain] Adding type registration OffsetTime -> org.hibernate.type.OffsetTimeType@fa60269
2022-06-07 14:13:34,622 DEBUG org.hibernate.type.BasicTypeRegistry [restartedMain] Adding type registration java.time.OffsetTime -> org.hibernate.type.OffsetTimeType@fa60269
2022-06-07 14:13:34,622 DEBUG org.hibernate.type.BasicTypeRegistry [restartedMain] Adding type registration ZonedDateTime -> org.hibernate.type.ZonedDateTimeType@782d6603
2022-06-07 14:13:34,622 DEBUG org.hibernate.type.BasicTypeRegistry [restartedMain] Adding type registration java.time.ZonedDateTime -> org.hibernate.type.ZonedDateTimeType@782d6603
2022-06-07 14:13:34,622 DEBUG org.hibernate.type.BasicTypeRegistry [restartedMain] Adding type registration date -> org.hibernate.type.DateType@6655d2d9
2022-06-07 14:13:34,622 DEBUG org.hibernate.type.BasicTypeRegistry [restartedMain] Adding type registration java.sql.Date -> org.hibernate.type.DateType@6655d2d9
2022-06-07 14:13:34,622 DEBUG org.hibernate.type.BasicTypeRegistry [restartedMain] Adding type registration time -> org.hibernate.type.TimeType@66dc15a0
2022-06-07 14:13:34,622 DEBUG org.hibernate.type.BasicTypeRegistry [restartedMain] Adding type registration java.sql.Time -> org.hibernate.type.TimeType@66dc15a0
2022-06-07 14:13:34,622 DEBUG org.hibernate.type.BasicTypeRegistry [restartedMain] Adding type registration timestamp -> org.hibernate.type.TimestampType@155f6b33
2022-06-07 14:13:34,622 DEBUG org.hibernate.type.BasicTypeRegistry [restartedMain] Adding type registration java.sql.Timestamp -> org.hibernate.type.TimestampType@155f6b33
2022-06-07 14:13:34,622 DEBUG org.hibernate.type.BasicTypeRegistry [restartedMain] Adding type registration java.util.Date -> org.hibernate.type.TimestampType@155f6b33
2022-06-07 14:13:34,622 DEBUG org.hibernate.type.BasicTypeRegistry [restartedMain] Adding type registration dbtimestamp -> org.hibernate.type.DbTimestampType@2725df3b
2022-06-07 14:13:34,622 DEBUG org.hibernate.type.BasicTypeRegistry [restartedMain] Adding type registration calendar -> org.hibernate.type.CalendarType@2554b735
2022-06-07 14:13:34,623 DEBUG org.hibernate.type.BasicTypeRegistry [restartedMain] Adding type registration java.util.Calendar -> org.hibernate.type.CalendarType@2554b735
2022-06-07 14:13:34,623 DEBUG org.hibernate.type.BasicTypeRegistry [restartedMain] Adding type registration java.util.GregorianCalendar -> org.hibernate.type.CalendarType@2554b735
2022-06-07 14:13:34,623 DEBUG org.hibernate.type.BasicTypeRegistry [restartedMain] Adding type registration calendar_date -> org.hibernate.type.CalendarDateType@472952f3
2022-06-07 14:13:34,623 DEBUG org.hibernate.type.BasicTypeRegistry [restartedMain] Adding type registration calendar_time -> org.hibernate.type.CalendarTimeType@47199563
2022-06-07 14:13:34,623 DEBUG org.hibernate.type.BasicTypeRegistry [restartedMain] Adding type registration locale -> org.hibernate.type.LocaleType@1b6cf809
2022-06-07 14:13:34,623 DEBUG org.hibernate.type.BasicTypeRegistry [restartedMain] Adding type registration java.util.Locale -> org.hibernate.type.LocaleType@1b6cf809
2022-06-07 14:13:34,623 DEBUG org.hibernate.type.BasicTypeRegistry [restartedMain] Adding type registration currency -> org.hibernate.type.CurrencyType@3620fac1
2022-06-07 14:13:34,623 DEBUG org.hibernate.type.BasicTypeRegistry [restartedMain] Adding type registration java.util.Currency -> org.hibernate.type.CurrencyType@3620fac1
2022-06-07 14:13:34,623 DEBUG org.hibernate.type.BasicTypeRegistry [restartedMain] Adding type registration timezone -> org.hibernate.type.TimeZoneType@7dba6bde
2022-06-07 14:13:34,623 DEBUG org.hibernate.type.BasicTypeRegistry [restartedMain] Adding type registration java.util.TimeZone -> org.hibernate.type.TimeZoneType@7dba6bde
2022-06-07 14:13:34,623 DEBUG org.hibernate.type.BasicTypeRegistry [restartedMain] Adding type registration class -> org.hibernate.type.ClassType@246a981b
2022-06-07 14:13:34,623 DEBUG org.hibernate.type.BasicTypeRegistry [restartedMain] Adding type registration java.lang.Class -> org.hibernate.type.ClassType@246a981b
2022-06-07 14:13:34,623 DEBUG org.hibernate.type.BasicTypeRegistry [restartedMain] Adding type registration uuid-binary -> org.hibernate.type.UUIDBinaryType@140d8360
2022-06-07 14:13:34,623 DEBUG org.hibernate.type.BasicTypeRegistry [restartedMain] Adding type registration java.util.UUID -> org.hibernate.type.UUIDBinaryType@140d8360
2022-06-07 14:13:34,623 DEBUG org.hibernate.type.BasicTypeRegistry [restartedMain] Adding type registration uuid-char -> org.hibernate.type.UUIDCharType@497e59c5
2022-06-07 14:13:34,623 DEBUG org.hibernate.type.BasicTypeRegistry [restartedMain] Adding type registration binary -> org.hibernate.type.BinaryType@6e9fcbf6
2022-06-07 14:13:34,623 DEBUG org.hibernate.type.BasicTypeRegistry [restartedMain] Adding type registration byte[] -> org.hibernate.type.BinaryType@6e9fcbf6
2022-06-07 14:13:34,623 DEBUG org.hibernate.type.BasicTypeRegistry [restartedMain] Adding type registration [B -> org.hibernate.type.BinaryType@6e9fcbf6
2022-06-07 14:13:34,626 DEBUG org.hibernate.type.BasicTypeRegistry [restartedMain] Adding type registration wrapper-binary -> org.hibernate.type.WrapperBinaryType@628e155d
2022-06-07 14:13:34,626 DEBUG org.hibernate.type.BasicTypeRegistry [restartedMain] Adding type registration Byte[] -> org.hibernate.type.WrapperBinaryType@628e155d
2022-06-07 14:13:34,626 DEBUG org.hibernate.type.BasicTypeRegistry [restartedMain] Adding type registration [Ljava.lang.Byte; -> org.hibernate.type.WrapperBinaryType@628e155d
2022-06-07 14:13:34,626 DEBUG org.hibernate.type.BasicTypeRegistry [restartedMain] Adding type registration row_version -> org.hibernate.type.RowVersionType@383bd8dd
2022-06-07 14:13:34,626 DEBUG org.hibernate.type.BasicTypeRegistry [restartedMain] Adding type registration image -> org.hibernate.type.ImageType@6b988771
2022-06-07 14:13:34,626 DEBUG org.hibernate.type.BasicTypeRegistry [restartedMain] Adding type registration characters -> org.hibernate.type.CharArrayType@3377804
2022-06-07 14:13:34,626 DEBUG org.hibernate.type.BasicTypeRegistry [restartedMain] Adding type registration char[] -> org.hibernate.type.CharArrayType@3377804
2022-06-07 14:13:34,626 DEBUG org.hibernate.type.BasicTypeRegistry [restartedMain] Adding type registration [C -> org.hibernate.type.CharArrayType@3377804
2022-06-07 14:13:34,626 DEBUG org.hibernate.type.BasicTypeRegistry [restartedMain] Adding type registration wrapper-characters -> org.hibernate.type.CharacterArrayType@34bcb117
2022-06-07 14:13:34,626 DEBUG org.hibernate.type.BasicTypeRegistry [restartedMain] Adding type registration [Ljava.lang.Character; -> org.hibernate.type.CharacterArrayType@34bcb117
2022-06-07 14:13:34,626 DEBUG org.hibernate.type.BasicTypeRegistry [restartedMain] Adding type registration Character[] -> org.hibernate.type.CharacterArrayType@34bcb117
2022-06-07 14:13:34,626 DEBUG org.hibernate.type.BasicTypeRegistry [restartedMain] Adding type registration text -> org.hibernate.type.TextType@75edae03
2022-06-07 14:13:34,626 DEBUG org.hibernate.type.BasicTypeRegistry [restartedMain] Adding type registration ntext -> org.hibernate.type.NTextType@66baa081
2022-06-07 14:13:34,627 DEBUG org.hibernate.type.BasicTypeRegistry [restartedMain] Adding type registration blob -> org.hibernate.type.BlobType@6625110f
2022-06-07 14:13:34,627 DEBUG org.hibernate.type.BasicTypeRegistry [restartedMain] Adding type registration java.sql.Blob -> org.hibernate.type.BlobType@6625110f
2022-06-07 14:13:34,627 DEBUG org.hibernate.type.BasicTypeRegistry [restartedMain] Adding type registration materialized_blob -> org.hibernate.type.MaterializedBlobType@6b354929
2022-06-07 14:13:34,627 DEBUG org.hibernate.type.BasicTypeRegistry [restartedMain] Adding type registration clob -> org.hibernate.type.ClobType@31e2bd20
2022-06-07 14:13:34,627 DEBUG org.hibernate.type.BasicTypeRegistry [restartedMain] Adding type registration java.sql.Clob -> org.hibernate.type.ClobType@31e2bd20
2022-06-07 14:13:34,627 DEBUG org.hibernate.type.BasicTypeRegistry [restartedMain] Adding type registration nclob -> org.hibernate.type.NClobType@525c730e
2022-06-07 14:13:34,627 DEBUG org.hibernate.type.BasicTypeRegistry [restartedMain] Adding type registration java.sql.NClob -> org.hibernate.type.NClobType@525c730e
2022-06-07 14:13:34,627 DEBUG org.hibernate.type.BasicTypeRegistry [restartedMain] Adding type registration materialized_clob -> org.hibernate.type.MaterializedClobType@8953c3a
2022-06-07 14:13:34,627 DEBUG org.hibernate.type.BasicTypeRegistry [restartedMain] Adding type registration materialized_nclob -> org.hibernate.type.MaterializedNClobType@3ed1786c
2022-06-07 14:13:34,627 DEBUG org.hibernate.type.BasicTypeRegistry [restartedMain] Adding type registration serializable -> org.hibernate.type.SerializableType@372eea8e
2022-06-07 14:13:34,627 DEBUG org.hibernate.type.BasicTypeRegistry [restartedMain] Adding type registration object -> org.hibernate.type.ObjectType@33a2caa3
2022-06-07 14:13:34,627 DEBUG org.hibernate.type.BasicTypeRegistry [restartedMain] Adding type registration java.lang.Object -> org.hibernate.type.ObjectType@33a2caa3
2022-06-07 14:13:34,627 DEBUG org.hibernate.type.BasicTypeRegistry [restartedMain] Adding type registration imm_date -> org.hibernate.type.AdaptedImmutableType@1222b1be
2022-06-07 14:13:34,627 DEBUG org.hibernate.type.BasicTypeRegistry [restartedMain] Adding type registration imm_time -> org.hibernate.type.AdaptedImmutableType@7f110265
2022-06-07 14:13:34,627 DEBUG org.hibernate.type.BasicTypeRegistry [restartedMain] Adding type registration imm_timestamp -> org.hibernate.type.AdaptedImmutableType@6075eb29
2022-06-07 14:13:34,627 DEBUG org.hibernate.type.BasicTypeRegistry [restartedMain] Adding type registration imm_dbtimestamp -> org.hibernate.type.AdaptedImmutableType@36590294
2022-06-07 14:13:34,627 DEBUG org.hibernate.type.BasicTypeRegistry [restartedMain] Adding type registration imm_calendar -> org.hibernate.type.AdaptedImmutableType@31f1faa0
2022-06-07 14:13:34,627 DEBUG org.hibernate.type.BasicTypeRegistry [restartedMain] Adding type registration imm_calendar_date -> org.hibernate.type.AdaptedImmutableType@4604c4d1
2022-06-07 14:13:34,627 DEBUG org.hibernate.type.BasicTypeRegistry [restartedMain] Adding type registration imm_binary -> org.hibernate.type.AdaptedImmutableType@9e7439b
2022-06-07 14:13:34,628 DEBUG org.hibernate.type.BasicTypeRegistry [restartedMain] Adding type registration imm_serializable -> org.hibernate.type.AdaptedImmutableType@77d4bd91
2022-06-07 14:13:34,679 DEBUG org.hibernate.type.spi.TypeConfiguration$Scope [restartedMain] Scoping TypeConfiguration [org.hibernate.type.spi.TypeConfiguration@7b4de9b6] to MetadataBuildingContext [org.hibernate.boot.internal.MetadataBuildingContextRootImpl@6c03282f]
2022-06-07 14:13:34,698 DEBUG org.hibernate.type.spi.TypeConfiguration$Scope [restartedMain] Scoping TypeConfiguration [org.hibernate.type.spi.TypeConfiguration@7b4de9b6] to SessionFactoryImpl [org.hibernate.internal.SessionFactoryImpl@695adca3]
2022-06-07 14:13:34,788 TRACE org.hibernate.type.spi.TypeConfiguration$Scope [restartedMain] Handling #sessionFactoryCreated from [org.hibernate.internal.SessionFactoryImpl@695adca3] for TypeConfiguration
2022-06-07 14:27:37,081 DEBUG org.hibernate.SQL [http-nio-8080-exec-1] select department0_.dept_id as dept_id1_1_, department0_.dept_name as dept_nam2_1_, department0_.location as location3_1_ from departmentnew department0_
2022-06-07 14:27:37,390 TRACE org.hibernate.type.descriptor.sql.BasicExtractor [http-nio-8080-exec-1] extracted value ([dept_id1_1_] : [INTEGER]) - [12345]
2022-06-07 14:27:37,441 TRACE org.hibernate.type.descriptor.sql.BasicExtractor [http-nio-8080-exec-1] extracted value ([dept_nam2_1_] : [VARCHAR]) - [SOFTWARE]
2022-06-07 14:27:37,441 TRACE org.hibernate.type.descriptor.sql.BasicExtractor [http-nio-8080-exec-1] extracted value ([location3_1_] : [VARCHAR]) - [MUMBAI]
2022-06-07 14:27:37,441 TRACE org.hibernate.type.descriptor.sql.BasicExtractor [http-nio-8080-exec-1] extracted value ([dept_id1_1_] : [INTEGER]) - [23456]
2022-06-07 14:27:37,441 TRACE org.hibernate.type.descriptor.sql.BasicExtractor [http-nio-8080-exec-1] extracted value ([dept_nam2_1_] : [VARCHAR]) - [ENGINEER]
2022-06-07 14:27:37,442 TRACE org.hibernate.type.descriptor.sql.BasicExtractor [http-nio-8080-exec-1] extracted value ([location3_1_] : [VARCHAR]) - [DELHI]
2022-06-07 14:27:37,442 TRACE org.hibernate.type.descriptor.sql.BasicExtractor [http-nio-8080-exec-1] extracted value ([dept_id1_1_] : [INTEGER]) - [34567]
2022-06-07 14:27:37,442 TRACE org.hibernate.type.descriptor.sql.BasicExtractor [http-nio-8080-exec-1] extracted value ([dept_nam2_1_] : [VARCHAR]) - [IDEA PARK]
2022-06-07 14:27:37,442 TRACE org.hibernate.type.descriptor.sql.BasicExtractor [http-nio-8080-exec-1] extracted value ([location3_1_] : [VARCHAR]) - [BANGALORE]
2022-06-07 14:27:37,442 TRACE org.hibernate.type.descriptor.sql.BasicExtractor [http-nio-8080-exec-1] extracted value ([dept_id1_1_] : [INTEGER]) - [45678]
2022-06-07 14:27:37,442 TRACE org.hibernate.type.descriptor.sql.BasicExtractor [http-nio-8080-exec-1] extracted value ([dept_nam2_1_] : [VARCHAR]) - [INNOVATION STUDIO]
2022-06-07 14:27:37,442 TRACE org.hibernate.type.descriptor.sql.BasicExtractor [http-nio-8080-exec-1] extracted value ([location3_1_] : [VARCHAR]) - [GUJARAT]
2022-06-07 14:27:37,442 TRACE org.hibernate.type.descriptor.sql.BasicExtractor [http-nio-8080-exec-1] extracted value ([dept_id1_1_] : [INTEGER]) - [98765]
2022-06-07 14:27:37,442 TRACE org.hibernate.type.descriptor.sql.BasicExtractor [http-nio-8080-exec-1] extracted value ([dept_nam2_1_] : [VARCHAR]) - [HR]
2022-06-07 14:27:37,442 TRACE org.hibernate.type.descriptor.sql.BasicExtractor [http-nio-8080-exec-1] extracted value ([location3_1_] : [VARCHAR]) - [MUMBAI]
2022-06-07 14:27:42,230 DEBUG org.hibernate.SQL [http-nio-8080-exec-2] select employeede0_.emp_id as emp_id1_2_, employeede0_.date_of_birth as date_of_2_2_, employeede0_.date_of_joining as date_of_3_2_, employeede0_.department_name as departme4_2_, employeede0_.first_name as first_na5_2_, employeede0_.gender as gender6_2_, employeede0_.last_name as last_nam7_2_, employeede0_.password as password8_2_, employeede0_.photo as photo9_2_, employeede0_.role as role10_2_, employeede0_.user_name as user_na11_2_ from employee_details_table employeede0_
2022-06-07 14:27:42,241 TRACE org.hibernate.type.descriptor.sql.BasicExtractor [http-nio-8080-exec-2] extracted value ([emp_id1_2_] : [INTEGER]) - [1]
2022-06-07 14:27:42,242 TRACE org.hibernate.type.descriptor.sql.BasicExtractor [http-nio-8080-exec-2] extracted value ([date_of_2_2_] : [DATE]) - [2008-11-11]
2022-06-07 14:27:42,242 TRACE org.hibernate.type.descriptor.sql.BasicExtractor [http-nio-8080-exec-2] extracted value ([date_of_3_2_] : [DATE]) - [2022-11-11]
2022-06-07 14:27:42,242 TRACE org.hibernate.type.descriptor.sql.BasicExtractor [http-nio-8080-exec-2] extracted value ([departme4_2_] : [VARCHAR]) - [SOFTWARE -- MUMBAI]
2022-06-07 14:27:42,242 TRACE org.hibernate.type.descriptor.sql.BasicExtractor [http-nio-8080-exec-2] extracted value ([first_na5_2_] : [VARCHAR]) - [Aryan]
2022-06-07 14:27:42,242 TRACE org.hibernate.type.descriptor.sql.BasicExtractor [http-nio-8080-exec-2] extracted value ([gender6_2_] : [VARCHAR]) - [MALE]
2022-06-07 14:27:42,242 TRACE org.hibernate.type.descriptor.sql.BasicExtractor [http-nio-8080-exec-2] extracted value ([last_nam7_2_] : [VARCHAR]) - [Singh]
2022-06-07 14:27:42,242 TRACE org.hibernate.type.descriptor.sql.BasicExtractor [http-nio-8080-exec-2] extracted value ([password8_2_] : [VARCHAR]) - [password]
2022-06-07 14:27:42,242 TRACE org.hibernate.type.descriptor.sql.BasicExtractor [http-nio-8080-exec-2] extracted value ([photo9_2_] : [VARCHAR]) - [AryanPhoto.JPG]
2022-06-07 14:27:42,242 TRACE org.hibernate.type.descriptor.sql.BasicExtractor [http-nio-8080-exec-2] extracted value ([role10_2_] : [VARCHAR]) - [EMPLOYEE]
2022-06-07 14:27:42,243 TRACE org.hibernate.type.descriptor.sql.BasicExtractor [http-nio-8080-exec-2] extracted value ([user_na11_2_] : [VARCHAR]) - [aryansingh]
2022-06-07 14:27:42,243 TRACE org.hibernate.type.descriptor.sql.BasicExtractor [http-nio-8080-exec-2] extracted value ([emp_id1_2_] : [INTEGER]) - [2]
2022-06-07 14:27:42,243 TRACE org.hibernate.type.descriptor.sql.BasicExtractor [http-nio-8080-exec-2] extracted value ([date_of_2_2_] : [DATE]) - [1999-05-06]
2022-06-07 14:27:42,243 TRACE org.hibernate.type.descriptor.sql.BasicExtractor [http-nio-8080-exec-2] extracted value ([date_of_3_2_] : [DATE]) - [2022-05-23]
2022-06-07 14:27:42,243 TRACE org.hibernate.type.descriptor.sql.BasicExtractor [http-nio-8080-exec-2] extracted value ([departme4_2_] : [VARCHAR]) - [SOFTWARE -- MUMBAI]
2022-06-07 14:27:42,243 TRACE org.hibernate.type.descriptor.sql.BasicExtractor [http-nio-8080-exec-2] extracted value ([first_na5_2_] : [VARCHAR]) - [ARMAAN]
2022-06-07 14:27:42,243 TRACE org.hibernate.type.descriptor.sql.BasicExtractor [http-nio-8080-exec-2] extracted value ([gender6_2_] : [VARCHAR]) - [MALE]
2022-06-07 14:27:42,243 TRACE org.hibernate.type.descriptor.sql.BasicExtractor [http-nio-8080-exec-2] extracted value ([last_nam7_2_] : [VARCHAR]) - [SINGH]
2022-06-07 14:27:42,243 TRACE org.hibernate.type.descriptor.sql.BasicExtractor [http-nio-8080-exec-2] extracted value ([password8_2_] : [VARCHAR]) - [Pass]
2022-06-07 14:27:42,243 TRACE org.hibernate.type.descriptor.sql.BasicExtractor [http-nio-8080-exec-2] extracted value ([photo9_2_] : [VARCHAR]) - [Screen Shot 2022-05-23 at 10.12.28 AM.png]
2022-06-07 14:27:42,243 TRACE org.hibernate.type.descriptor.sql.BasicExtractor [http-nio-8080-exec-2] extracted value ([role10_2_] : [VARCHAR]) - [ADMIN]
2022-06-07 14:27:42,243 TRACE org.hibernate.type.descriptor.sql.BasicExtractor [http-nio-8080-exec-2] extracted value ([user_na11_2_] : [VARCHAR]) - [itsaryan]
2022-06-07 14:27:42,243 TRACE org.hibernate.type.descriptor.sql.BasicExtractor [http-nio-8080-exec-2] extracted value ([emp_id1_2_] : [INTEGER]) - [4]
2022-06-07 14:27:42,243 TRACE org.hibernate.type.descriptor.sql.BasicExtractor [http-nio-8080-exec-2] extracted value ([date_of_2_2_] : [DATE]) - [1996-06-14]
2022-06-07 14:27:42,243 TRACE org.hibernate.type.descriptor.sql.BasicExtractor [http-nio-8080-exec-2] extracted value ([date_of_3_2_] : [DATE]) - [2022-05-23]
2022-06-07 14:27:42,243 TRACE org.hibernate.type.descriptor.sql.BasicExtractor [http-nio-8080-exec-2] extracted value ([departme4_2_] : [VARCHAR]) - [ENGINEER -- DELHI]
2022-06-07 14:27:42,243 TRACE org.hibernate.type.descriptor.sql.BasicExtractor [http-nio-8080-exec-2] extracted value ([first_na5_2_] : [VARCHAR]) - [SRIKHAR]
2022-06-07 14:27:42,244 TRACE org.hibernate.type.descriptor.sql.BasicExtractor [http-nio-8080-exec-2] extracted value ([gender6_2_] : [VARCHAR]) - [MALE]
2022-06-07 14:27:42,244 TRACE org.hibernate.type.descriptor.sql.BasicExtractor [http-nio-8080-exec-2] extracted value ([last_nam7_2_] : [VARCHAR]) - [EDARA]
2022-06-07 14:27:42,244 TRACE org.hibernate.type.descriptor.sql.BasicExtractor [http-nio-8080-exec-2] extracted value ([password8_2_] : [VARCHAR]) - [one]
2022-06-07 14:27:42,244 TRACE org.hibernate.type.descriptor.sql.BasicExtractor [http-nio-8080-exec-2] extracted value ([photo9_2_] : [VARCHAR]) - [Screen Shot 2022-05-23 at 10.29.34 AM.png]
2022-06-07 14:27:42,244 TRACE org.hibernate.type.descriptor.sql.BasicExtractor [http-nio-8080-exec-2] extracted value ([role10_2_] : [VARCHAR]) - [EMPLOYEE]
2022-06-07 14:27:42,244 TRACE org.hibernate.type.descriptor.sql.BasicExtractor [http-nio-8080-exec-2] extracted value ([user_na11_2_] : [VARCHAR]) - [eone]
2022-06-07 14:27:42,244 TRACE org.hibernate.type.descriptor.sql.BasicExtractor [http-nio-8080-exec-2] extracted value ([emp_id1_2_] : [INTEGER]) - [5]
2022-06-07 14:27:42,244 TRACE org.hibernate.type.descriptor.sql.BasicExtractor [http-nio-8080-exec-2] extracted value ([date_of_2_2_] : [DATE]) - [1997-11-29]
2022-06-07 14:27:42,244 TRACE org.hibernate.type.descriptor.sql.BasicExtractor [http-nio-8080-exec-2] extracted value ([date_of_3_2_] : [DATE]) - [2022-05-04]
2022-06-07 14:27:42,244 TRACE org.hibernate.type.descriptor.sql.BasicExtractor [http-nio-8080-exec-2] extracted value ([departme4_2_] : [VARCHAR]) - [IDEA PARK -- BANGALORE]
2022-06-07 14:27:42,244 TRACE org.hibernate.type.descriptor.sql.BasicExtractor [http-nio-8080-exec-2] extracted value ([first_na5_2_] : [VARCHAR]) - [ABHISHEK]
2022-06-07 14:27:42,244 TRACE org.hibernate.type.descriptor.sql.BasicExtractor [http-nio-8080-exec-2] extracted value ([gender6_2_] : [VARCHAR]) - [MALE]
2022-06-07 14:27:42,244 TRACE org.hibernate.type.descriptor.sql.BasicExtractor [http-nio-8080-exec-2] extracted value ([last_nam7_2_] : [VARCHAR]) - [NIM]
2022-06-07 14:27:42,244 TRACE org.hibernate.type.descriptor.sql.BasicExtractor [http-nio-8080-exec-2] extracted value ([password8_2_] : [VARCHAR]) - [two]
2022-06-07 14:27:42,244 TRACE org.hibernate.type.descriptor.sql.BasicExtractor [http-nio-8080-exec-2] extracted value ([photo9_2_] : [VARCHAR]) - [Screen Shot 2022-05-23 at 10.31.03 AM.png]
2022-06-07 14:27:42,244 TRACE org.hibernate.type.descriptor.sql.BasicExtractor [http-nio-8080-exec-2] extracted value ([role10_2_] : [VARCHAR]) - [EMPLOYEE]
2022-06-07 14:27:42,244 TRACE org.hibernate.type.descriptor.sql.BasicExtractor [http-nio-8080-exec-2] extracted value ([user_na11_2_] : [VARCHAR]) - [etwo]
2022-06-07 14:27:42,244 TRACE org.hibernate.type.descriptor.sql.BasicExtractor [http-nio-8080-exec-2] extracted value ([emp_id1_2_] : [INTEGER]) - [6]
2022-06-07 14:27:42,244 TRACE org.hibernate.type.descriptor.sql.BasicExtractor [http-nio-8080-exec-2] extracted value ([date_of_2_2_] : [DATE]) - [2001-06-06]
2022-06-07 14:27:42,245 TRACE org.hibernate.type.descriptor.sql.BasicExtractor [http-nio-8080-exec-2] extracted value ([date_of_3_2_] : [DATE]) - [2022-05-25]
2022-06-07 14:27:42,245 TRACE org.hibernate.type.descriptor.sql.BasicExtractor [http-nio-8080-exec-2] extracted value ([departme4_2_] : [VARCHAR]) - [IDEA PARK -- BANGALORE]
2022-06-07 14:27:42,245 TRACE org.hibernate.type.descriptor.sql.BasicExtractor [http-nio-8080-exec-2] extracted value ([first_na5_2_] : [VARCHAR]) - [YASHVI]
2022-06-07 14:27:42,245 TRACE org.hibernate.type.descriptor.sql.BasicExtractor [http-nio-8080-exec-2] extracted value ([gender6_2_] : [VARCHAR]) - [FEMALE]
2022-06-07 14:27:42,245 TRACE org.hibernate.type.descriptor.sql.BasicExtractor [http-nio-8080-exec-2] extracted value ([last_nam7_2_] : [VARCHAR]) - [MANIAR]
2022-06-07 14:27:42,245 TRACE org.hibernate.type.descriptor.sql.BasicExtractor [http-nio-8080-exec-2] extracted value ([password8_2_] : [VARCHAR]) - [idab]
2022-06-07 14:27:42,246 TRACE org.hibernate.type.descriptor.sql.BasicExtractor [http-nio-8080-exec-2] extracted value ([photo9_2_] : [VARCHAR]) - [Screen Shot 2022-05-23 at 10.12.28 AM.png]
2022-06-07 14:27:42,246 TRACE org.hibernate.type.descriptor.sql.BasicExtractor [http-nio-8080-exec-2] extracted value ([role10_2_] : [VARCHAR]) - [EMPLOYEE]
2022-06-07 14:27:42,246 TRACE org.hibernate.type.descriptor.sql.BasicExtractor [http-nio-8080-exec-2] extracted value ([user_na11_2_] : [VARCHAR]) - [ykm]
2022-06-07 14:27:42,246 TRACE org.hibernate.type.descriptor.sql.BasicExtractor [http-nio-8080-exec-2] extracted value ([emp_id1_2_] : [INTEGER]) - [7]
2022-06-07 14:27:42,246 TRACE org.hibernate.type.descriptor.sql.BasicExtractor [http-nio-8080-exec-2] extracted value ([date_of_2_2_] : [DATE]) - [1999-02-08]
2022-06-07 14:27:42,246 TRACE org.hibernate.type.descriptor.sql.BasicExtractor [http-nio-8080-exec-2] extracted value ([date_of_3_2_] : [DATE]) - [2022-05-11]
2022-06-07 14:27:42,247 TRACE org.hibernate.type.descriptor.sql.BasicExtractor [http-nio-8080-exec-2] extracted value ([departme4_2_] : [VARCHAR]) - [ENGINEER -- DELHI]
2022-06-07 14:27:42,247 TRACE org.hibernate.type.descriptor.sql.BasicExtractor [http-nio-8080-exec-2] extracted value ([first_na5_2_] : [VARCHAR]) - [SOHAM]
2022-06-07 14:27:42,247 TRACE org.hibernate.type.descriptor.sql.BasicExtractor [http-nio-8080-exec-2] extracted value ([gender6_2_] : [VARCHAR]) - [MALE]
2022-06-07 14:27:42,247 TRACE org.hibernate.type.descriptor.sql.BasicExtractor [http-nio-8080-exec-2] extracted value ([last_nam7_2_] : [VARCHAR]) - [SHARMA]
2022-06-07 14:27:42,247 TRACE org.hibernate.type.descriptor.sql.BasicExtractor [http-nio-8080-exec-2] extracted value ([password8_2_] : [VARCHAR]) - [rocky]
2022-06-07 14:27:42,247 TRACE org.hibernate.type.descriptor.sql.BasicExtractor [http-nio-8080-exec-2] extracted value ([photo9_2_] : [VARCHAR]) - [Screen Shot 2022-05-25 at 12.25.19 PM.png]
2022-06-07 14:27:42,247 TRACE org.hibernate.type.descriptor.sql.BasicExtractor [http-nio-8080-exec-2] extracted value ([role10_2_] : [VARCHAR]) - [EMPLOYEE]
2022-06-07 14:27:42,247 TRACE org.hibernate.type.descriptor.sql.BasicExtractor [http-nio-8080-exec-2] extracted value ([user_na11_2_] : [VARCHAR]) - [ss]
2022-06-07 14:27:42,247 TRACE org.hibernate.type.descriptor.sql.BasicExtractor [http-nio-8080-exec-2] extracted value ([emp_id1_2_] : [INTEGER]) - [12]
2022-06-07 14:27:42,247 TRACE org.hibernate.type.descriptor.sql.BasicExtractor [http-nio-8080-exec-2] extracted value ([date_of_2_2_] : [DATE]) - [2001-02-13]
2022-06-07 14:27:42,247 TRACE org.hibernate.type.descriptor.sql.BasicExtractor [http-nio-8080-exec-2] extracted value ([date_of_3_2_] : [DATE]) - [2022-06-06]
2022-06-07 14:27:42,247 TRACE org.hibernate.type.descriptor.sql.BasicExtractor [http-nio-8080-exec-2] extracted value ([departme4_2_] : [VARCHAR]) - [SOFTWARE -- MUMBAI]
2022-06-07 14:27:42,247 TRACE org.hibernate.type.descriptor.sql.BasicExtractor [http-nio-8080-exec-2] extracted value ([first_na5_2_] : [VARCHAR]) - [NEW]
2022-06-07 14:27:42,247 TRACE org.hibernate.type.descriptor.sql.BasicExtractor [http-nio-8080-exec-2] extracted value ([gender6_2_] : [VARCHAR]) - [MALE]
2022-06-07 14:27:42,248 TRACE org.hibernate.type.descriptor.sql.BasicExtractor [http-nio-8080-exec-2] extracted value ([last_nam7_2_] : [VARCHAR]) - [EMP]
2022-06-07 14:27:42,248 TRACE org.hibernate.type.descriptor.sql.BasicExtractor [http-nio-8080-exec-2] extracted value ([password8_2_] : [VARCHAR]) - [NE]
2022-06-07 14:27:42,248 TRACE org.hibernate.type.descriptor.sql.BasicExtractor [http-nio-8080-exec-2] extracted value ([photo9_2_] : [VARCHAR]) - [Screen Shot 2022-06-06 at 10.05.18 AM.png]
2022-06-07 14:27:42,248 TRACE org.hibernate.type.descriptor.sql.BasicExtractor [http-nio-8080-exec-2] extracted value ([role10_2_] : [VARCHAR]) - [EMPLOYEE]
2022-06-07 14:27:42,248 TRACE org.hibernate.type.descriptor.sql.BasicExtractor [http-nio-8080-exec-2] extracted value ([user_na11_2_] : [VARCHAR]) - [NE]
2022-06-07 14:27:42,248 TRACE org.hibernate.type.descriptor.sql.BasicExtractor [http-nio-8080-exec-2] extracted value ([emp_id1_2_] : [INTEGER]) - [13]
2022-06-07 14:27:42,248 TRACE org.hibernate.type.descriptor.sql.BasicExtractor [http-nio-8080-exec-2] extracted value ([date_of_2_2_] : [DATE]) - [2001-07-18]
2022-06-07 14:27:42,248 TRACE org.hibernate.type.descriptor.sql.BasicExtractor [http-nio-8080-exec-2] extracted value ([date_of_3_2_] : [DATE]) - [2022-06-06]
2022-06-07 14:27:42,248 TRACE org.hibernate.type.descriptor.sql.BasicExtractor [http-nio-8080-exec-2] extracted value ([departme4_2_] : [VARCHAR]) - [SOFTWARE -- MUMBAI]
2022-06-07 14:27:42,248 TRACE org.hibernate.type.descriptor.sql.BasicExtractor [http-nio-8080-exec-2] extracted value ([first_na5_2_] : [VARCHAR]) - [JHANVI]
2022-06-07 14:27:42,248 TRACE org.hibernate.type.descriptor.sql.BasicExtractor [http-nio-8080-exec-2] extracted value ([gender6_2_] : [VARCHAR]) - [FEMALE]
2022-06-07 14:27:42,249 TRACE org.hibernate.type.descriptor.sql.BasicExtractor [http-nio-8080-exec-2] extracted value ([last_nam7_2_] : [VARCHAR]) - [MISHRA]
2022-06-07 14:27:42,249 TRACE org.hibernate.type.descriptor.sql.BasicExtractor [http-nio-8080-exec-2] extracted value ([password8_2_] : [VARCHAR]) - [jm]
2022-06-07 14:27:42,249 TRACE org.hibernate.type.descriptor.sql.BasicExtractor [http-nio-8080-exec-2] extracted value ([photo9_2_] : [VARCHAR]) - [Screen Shot 2022-06-06 at 10.05.18 AM.png]
2022-06-07 14:27:42,249 TRACE org.hibernate.type.descriptor.sql.BasicExtractor [http-nio-8080-exec-2] extracted value ([role10_2_] : [VARCHAR]) - [EMPLOYEE]
2022-06-07 14:27:42,249 TRACE org.hibernate.type.descriptor.sql.BasicExtractor [http-nio-8080-exec-2] extracted value ([user_na11_2_] : [VARCHAR]) - [jm]
2022-06-07 14:27:42,249 TRACE org.hibernate.type.descriptor.sql.BasicExtractor [http-nio-8080-exec-2] extracted value ([emp_id1_2_] : [INTEGER]) - [14]
2022-06-07 14:27:42,249 TRACE org.hibernate.type.descriptor.sql.BasicExtractor [http-nio-8080-exec-2] extracted value ([date_of_2_2_] : [DATE]) - [2004-02-18]
2022-06-07 14:27:42,249 TRACE org.hibernate.type.descriptor.sql.BasicExtractor [http-nio-8080-exec-2] extracted value ([date_of_3_2_] : [DATE]) - [2022-06-06]
2022-06-07 14:27:42,249 TRACE org.hibernate.type.descriptor.sql.BasicExtractor [http-nio-8080-exec-2] extracted value ([departme4_2_] : [VARCHAR]) - [ENGINEER -- DELHI]
2022-06-07 14:27:42,249 TRACE org.hibernate.type.descriptor.sql.BasicExtractor [http-nio-8080-exec-2] extracted value ([first_na5_2_] : [VARCHAR]) - [SARTHAK]
2022-06-07 14:27:42,249 TRACE org.hibernate.type.descriptor.sql.BasicExtractor [http-nio-8080-exec-2] extracted value ([gender6_2_] : [VARCHAR]) - [MALE]
2022-06-07 14:27:42,249 TRACE org.hibernate.type.descriptor.sql.BasicExtractor [http-nio-8080-exec-2] extracted value ([last_nam7_2_] : [VARCHAR]) - [MEHRA]
2022-06-07 14:27:42,250 TRACE org.hibernate.type.descriptor.sql.BasicExtractor [http-nio-8080-exec-2] extracted value ([password8_2_] : [VARCHAR]) - [SM]
2022-06-07 14:27:42,250 TRACE org.hibernate.type.descriptor.sql.BasicExtractor [http-nio-8080-exec-2] extracted value ([photo9_2_] : [VARCHAR]) - [Screen Shot 2022-06-06 at 10.05.18 AM.png]
2022-06-07 14:27:42,250 TRACE org.hibernate.type.descriptor.sql.BasicExtractor [http-nio-8080-exec-2] extracted value ([role10_2_] : [VARCHAR]) - [EMPLOYEE]
2022-06-07 14:27:42,250 TRACE org.hibernate.type.descriptor.sql.BasicExtractor [http-nio-8080-exec-2] extracted value ([user_na11_2_] : [VARCHAR]) - [SM]
2022-06-07 14:27:42,250 TRACE org.hibernate.type.descriptor.sql.BasicExtractor [http-nio-8080-exec-2] extracted value ([emp_id1_2_] : [INTEGER]) - [16]
2022-06-07 14:27:42,250 TRACE org.hibernate.type.descriptor.sql.BasicExtractor [http-nio-8080-exec-2] extracted value ([date_of_2_2_] : [DATE]) - [2005-03-10]
2022-06-07 14:27:42,250 TRACE org.hibernate.type.descriptor.sql.BasicExtractor [http-nio-8080-exec-2] extracted value ([date_of_3_2_] : [DATE]) - [2022-06-06]
2022-06-07 14:27:42,250 TRACE org.hibernate.type.descriptor.sql.BasicExtractor [http-nio-8080-exec-2] extracted value ([departme4_2_] : [VARCHAR]) - [IDEA PARK -- BANGALORE]
2022-06-07 14:27:42,250 TRACE org.hibernate.type.descriptor.sql.BasicExtractor [http-nio-8080-exec-2] extracted value ([first_na5_2_] : [VARCHAR]) - [ARKO]
2022-06-07 14:27:42,250 TRACE org.hibernate.type.descriptor.sql.BasicExtractor [http-nio-8080-exec-2] extracted value ([gender6_2_] : [VARCHAR]) - [MALE]
2022-06-07 14:27:42,250 TRACE org.hibernate.type.descriptor.sql.BasicExtractor [http-nio-8080-exec-2] extracted value ([last_nam7_2_] : [VARCHAR]) - [CHAKROBARTY]
2022-06-07 14:27:42,250 TRACE org.hibernate.type.descriptor.sql.BasicExtractor [http-nio-8080-exec-2] extracted value ([password8_2_] : [VARCHAR]) - [arko]
2022-06-07 14:27:42,251 TRACE org.hibernate.type.descriptor.sql.BasicExtractor [http-nio-8080-exec-2] extracted value ([photo9_2_] : [VARCHAR]) - [Screen Shot 2022-06-06 at 10.05.18 AM.png]
2022-06-07 14:27:42,251 TRACE org.hibernate.type.descriptor.sql.BasicExtractor [http-nio-8080-exec-2] extracted value ([role10_2_] : [VARCHAR]) - [EMPLOYEE]
2022-06-07 14:27:42,251 TRACE org.hibernate.type.descriptor.sql.BasicExtractor [http-nio-8080-exec-2] extracted value ([user_na11_2_] : [VARCHAR]) - [arko]
2022-06-07 14:27:42,251 TRACE org.hibernate.type.descriptor.sql.BasicExtractor [http-nio-8080-exec-2] extracted value ([emp_id1_2_] : [INTEGER]) - [17]
2022-06-07 14:27:42,251 TRACE org.hibernate.type.descriptor.sql.BasicExtractor [http-nio-8080-exec-2] extracted value ([date_of_2_2_] : [DATE]) - [1989-07-06]
2022-06-07 14:27:42,251 TRACE org.hibernate.type.descriptor.sql.BasicExtractor [http-nio-8080-exec-2] extracted value ([date_of_3_2_] : [DATE]) - [2022-06-06]
2022-06-07 14:27:42,251 TRACE org.hibernate.type.descriptor.sql.BasicExtractor [http-nio-8080-exec-2] extracted value ([departme4_2_] : [VARCHAR]) - [SOFTWARE -- MUMBAI]
2022-06-07 14:27:42,251 TRACE org.hibernate.type.descriptor.sql.BasicExtractor [http-nio-8080-exec-2] extracted value ([first_na5_2_] : [VARCHAR]) - [EDEN]
2022-06-07 14:27:42,251 TRACE org.hibernate.type.descriptor.sql.BasicExtractor [http-nio-8080-exec-2] extracted value ([gender6_2_] : [VARCHAR]) - [MALE]
2022-06-07 14:27:42,251 TRACE org.hibernate.type.descriptor.sql.BasicExtractor [http-nio-8080-exec-2] extracted value ([last_nam7_2_] : [VARCHAR]) - [HAZARD]
2022-06-07 14:27:42,251 TRACE org.hibernate.type.descriptor.sql.BasicExtractor [http-nio-8080-exec-2] extracted value ([password8_2_] : [VARCHAR]) - [eh]
2022-06-07 14:27:42,251 TRACE org.hibernate.type.descriptor.sql.BasicExtractor [http-nio-8080-exec-2] extracted value ([photo9_2_] : [VARCHAR]) - [Screen Shot 2022-06-06 at 10.05.18 AM.png]
2022-06-07 14:27:42,251 TRACE org.hibernate.type.descriptor.sql.BasicExtractor [http-nio-8080-exec-2] extracted value ([role10_2_] : [VARCHAR]) - [ADMIN]
2022-06-07 14:27:42,251 TRACE org.hibernate.type.descriptor.sql.BasicExtractor [http-nio-8080-exec-2] extracted value ([user_na11_2_] : [VARCHAR]) - [eh]
2022-06-07 14:27:42,251 TRACE org.hibernate.type.descriptor.sql.BasicExtractor [http-nio-8080-exec-2] extracted value ([emp_id1_2_] : [INTEGER]) - [18]
2022-06-07 14:27:42,251 TRACE org.hibernate.type.descriptor.sql.BasicExtractor [http-nio-8080-exec-2] extracted value ([date_of_2_2_] : [DATE]) - [2008-03-06]
2022-06-07 14:27:42,251 TRACE org.hibernate.type.descriptor.sql.BasicExtractor [http-nio-8080-exec-2] extracted value ([date_of_3_2_] : [DATE]) - [2022-06-04]
2022-06-07 14:27:42,251 TRACE org.hibernate.type.descriptor.sql.BasicExtractor [http-nio-8080-exec-2] extracted value ([departme4_2_] : [VARCHAR]) - [IDEA PARK -- BANGALORE]
2022-06-07 14:27:42,251 TRACE org.hibernate.type.descriptor.sql.BasicExtractor [http-nio-8080-exec-2] extracted value ([first_na5_2_] : [VARCHAR]) - [CRISTIANO]
2022-06-07 14:27:42,251 TRACE org.hibernate.type.descriptor.sql.BasicExtractor [http-nio-8080-exec-2] extracted value ([gender6_2_] : [VARCHAR]) - [MALE]
2022-06-07 14:27:42,251 TRACE org.hibernate.type.descriptor.sql.BasicExtractor [http-nio-8080-exec-2] extracted value ([last_nam7_2_] : [VARCHAR]) - [RONALDO]
2022-06-07 14:27:42,252 TRACE org.hibernate.type.descriptor.sql.BasicExtractor [http-nio-8080-exec-2] extracted value ([password8_2_] : [VARCHAR]) - [cr]
2022-06-07 14:27:42,252 TRACE org.hibernate.type.descriptor.sql.BasicExtractor [http-nio-8080-exec-2] extracted value ([photo9_2_] : [VARCHAR]) - [Screen Shot 2022-06-06 at 10.05.18 AM.png]
2022-06-07 14:27:42,252 TRACE org.hibernate.type.descriptor.sql.BasicExtractor [http-nio-8080-exec-2] extracted value ([role10_2_] : [VARCHAR]) - [EMPLOYEE]
2022-06-07 14:27:42,252 TRACE org.hibernate.type.descriptor.sql.BasicExtractor [http-nio-8080-exec-2] extracted value ([user_na11_2_] : [VARCHAR]) - [cr]
2022-06-07 14:27:42,252 TRACE org.hibernate.type.descriptor.sql.BasicExtractor [http-nio-8080-exec-2] extracted value ([emp_id1_2_] : [INTEGER]) - [19]
2022-06-07 14:27:42,253 TRACE org.hibernate.type.descriptor.sql.BasicExtractor [http-nio-8080-exec-2] extracted value ([date_of_2_2_] : [DATE]) - [1998-06-30]
2022-06-07 14:27:42,253 TRACE org.hibernate.type.descriptor.sql.BasicExtractor [http-nio-8080-exec-2] extracted value ([date_of_3_2_] : [DATE]) - [2022-06-06]
2022-06-07 14:27:42,253 TRACE org.hibernate.type.descriptor.sql.BasicExtractor [http-nio-8080-exec-2] extracted value ([departme4_2_] : [VARCHAR]) - [INNOVATION STUDIO -- GUJARAT]
2022-06-07 14:27:42,253 TRACE org.hibernate.type.descriptor.sql.BasicExtractor [http-nio-8080-exec-2] extracted value ([first_na5_2_] : [VARCHAR]) - [LEO]
2022-06-07 14:27:42,253 TRACE org.hibernate.type.descriptor.sql.BasicExtractor [http-nio-8080-exec-2] extracted value ([gender6_2_] : [VARCHAR]) - [MALE]
2022-06-07 14:27:42,253 TRACE org.hibernate.type.descriptor.sql.BasicExtractor [http-nio-8080-exec-2] extracted value ([last_nam7_2_] : [VARCHAR]) - [MESSI]
2022-06-07 14:27:42,253 TRACE org.hibernate.type.descriptor.sql.BasicExtractor [http-nio-8080-exec-2] extracted value ([password8_2_] : [VARCHAR]) - [messi]
2022-06-07 14:27:42,253 TRACE org.hibernate.type.descriptor.sql.BasicExtractor [http-nio-8080-exec-2] extracted value ([photo9_2_] : [VARCHAR]) - [Screen Shot 2022-06-06 at 10.05.18 AM.png]
2022-06-07 14:27:42,253 TRACE org.hibernate.type.descriptor.sql.BasicExtractor [http-nio-8080-exec-2] extracted value ([role10_2_] : [VARCHAR]) - [EMPLOYEE]
2022-06-07 14:27:42,253 TRACE org.hibernate.type.descriptor.sql.BasicExtractor [http-nio-8080-exec-2] extracted value ([user_na11_2_] : [VARCHAR]) - [messi]
2022-06-07 14:27:42,253 TRACE org.hibernate.type.descriptor.sql.BasicExtractor [http-nio-8080-exec-2] extracted value ([emp_id1_2_] : [INTEGER]) - [20]
2022-06-07 14:27:42,254 TRACE org.hibernate.type.descriptor.sql.BasicExtractor [http-nio-8080-exec-2] extracted value ([date_of_2_2_] : [DATE]) - [2006-02-03]
2022-06-07 14:27:42,254 TRACE org.hibernate.type.descriptor.sql.BasicExtractor [http-nio-8080-exec-2] extracted value ([date_of_3_2_] : [DATE]) - [2022-06-04]
2022-06-07 14:27:42,254 TRACE org.hibernate.type.descriptor.sql.BasicExtractor [http-nio-8080-exec-2] extracted value ([departme4_2_] : [VARCHAR]) - [INNOVATION STUDIO -- GUJARAT]
2022-06-07 14:27:42,254 TRACE org.hibernate.type.descriptor.sql.BasicExtractor [http-nio-8080-exec-2] extracted value ([first_na5_2_] : [VARCHAR]) - [PAUL]
2022-06-07 14:27:42,254 TRACE org.hibernate.type.descriptor.sql.BasicExtractor [http-nio-8080-exec-2] extracted value ([gender6_2_] : [VARCHAR]) - [MALE]
2022-06-07 14:27:42,254 TRACE org.hibernate.type.descriptor.sql.BasicExtractor [http-nio-8080-exec-2] extracted value ([last_nam7_2_] : [VARCHAR]) - [POGBA]
2022-06-07 14:27:42,254 TRACE org.hibernate.type.descriptor.sql.BasicExtractor [http-nio-8080-exec-2] extracted value ([password8_2_] : [VARCHAR]) - [mufc]
2022-06-07 14:27:42,254 TRACE org.hibernate.type.descriptor.sql.BasicExtractor [http-nio-8080-exec-2] extracted value ([photo9_2_] : [VARCHAR]) - [Screen Shot 2022-06-06 at 10.05.18 AM.png]
2022-06-07 14:27:42,254 TRACE org.hibernate.type.descriptor.sql.BasicExtractor [http-nio-8080-exec-2] extracted value ([role10_2_] : [VARCHAR]) - [EMPLOYEE]
2022-06-07 14:27:42,254 TRACE org.hibernate.type.descriptor.sql.BasicExtractor [http-nio-8080-exec-2] extracted value ([user_na11_2_] : [VARCHAR]) - [mufc]
2022-06-07 14:27:42,254 TRACE org.hibernate.type.descriptor.sql.BasicExtractor [http-nio-8080-exec-2] extracted value ([emp_id1_2_] : [INTEGER]) - [21]
2022-06-07 14:27:42,254 TRACE org.hibernate.type.descriptor.sql.BasicExtractor [http-nio-8080-exec-2] extracted value ([date_of_2_2_] : [DATE]) - [1998-03-26]
2022-06-07 14:27:42,254 TRACE org.hibernate.type.descriptor.sql.BasicExtractor [http-nio-8080-exec-2] extracted value ([date_of_3_2_] : [DATE]) - [2022-06-22]
2022-06-07 14:27:42,254 TRACE org.hibernate.type.descriptor.sql.BasicExtractor [http-nio-8080-exec-2] extracted value ([departme4_2_] : [VARCHAR]) - [INNOVATION STUDIO -- GUJARAT]
2022-06-07 14:27:42,254 TRACE org.hibernate.type.descriptor.sql.BasicExtractor [http-nio-8080-exec-2] extracted value ([first_na5_2_] : [VARCHAR]) - [THORGAN]
2022-06-07 14:27:42,254 TRACE org.hibernate.type.descriptor.sql.BasicExtractor [http-nio-8080-exec-2] extracted value ([gender6_2_] : [VARCHAR]) - [MALE]
2022-06-07 14:27:42,254 TRACE org.hibernate.type.descriptor.sql.BasicExtractor [http-nio-8080-exec-2] extracted value ([last_nam7_2_] : [VARCHAR]) - [HAZARD]
2022-06-07 14:27:42,255 TRACE org.hibernate.type.descriptor.sql.BasicExtractor [http-nio-8080-exec-2] extracted value ([password8_2_] : [VARCHAR]) - [th]
2022-06-07 14:27:42,255 TRACE org.hibernate.type.descriptor.sql.BasicExtractor [http-nio-8080-exec-2] extracted value ([photo9_2_] : [VARCHAR]) - [Screen Shot 2022-05-25 at 12.25.19 PM.png]
2022-06-07 14:27:42,255 TRACE org.hibernate.type.descriptor.sql.BasicExtractor [http-nio-8080-exec-2] extracted value ([role10_2_] : [VARCHAR]) - [EMPLOYEE]
2022-06-07 14:27:42,255 TRACE org.hibernate.type.descriptor.sql.BasicExtractor [http-nio-8080-exec-2] extracted value ([user_na11_2_] : [VARCHAR]) - [th]
