2022-05-07 11:16:29,418 DEBUG org.hibernate.type.BasicTypeRegistry [restartedMain] Adding type registration boolean -> org.hibernate.type.BooleanType@397e78d5
2022-05-07 11:16:29,451 DEBUG org.hibernate.type.BasicTypeRegistry [restartedMain] Adding type registration boolean -> org.hibernate.type.BooleanType@397e78d5
2022-05-07 11:16:29,477 DEBUG org.hibernate.type.BasicTypeRegistry [restartedMain] Adding type registration java.lang.Boolean -> org.hibernate.type.BooleanType@397e78d5
2022-05-07 11:16:29,479 DEBUG org.hibernate.type.BasicTypeRegistry [restartedMain] Adding type registration numeric_boolean -> org.hibernate.type.NumericBooleanType@4bb3c17f
2022-05-07 11:16:29,482 DEBUG org.hibernate.type.BasicTypeRegistry [restartedMain] Adding type registration true_false -> org.hibernate.type.TrueFalseType@1021975f
2022-05-07 11:16:29,484 DEBUG org.hibernate.type.BasicTypeRegistry [restartedMain] Adding type registration yes_no -> org.hibernate.type.YesNoType@48b498b8
2022-05-07 11:16:29,487 DEBUG org.hibernate.type.BasicTypeRegistry [restartedMain] Adding type registration byte -> org.hibernate.type.ByteType@66d38d7b
2022-05-07 11:16:29,487 DEBUG org.hibernate.type.BasicTypeRegistry [restartedMain] Adding type registration byte -> org.hibernate.type.ByteType@66d38d7b
2022-05-07 11:16:29,487 DEBUG org.hibernate.type.BasicTypeRegistry [restartedMain] Adding type registration java.lang.Byte -> org.hibernate.type.ByteType@66d38d7b
2022-05-07 11:16:29,490 DEBUG org.hibernate.type.BasicTypeRegistry [restartedMain] Adding type registration character -> org.hibernate.type.CharacterType@52391878
2022-05-07 11:16:29,490 DEBUG org.hibernate.type.BasicTypeRegistry [restartedMain] Adding type registration char -> org.hibernate.type.CharacterType@52391878
2022-05-07 11:16:29,490 DEBUG org.hibernate.type.BasicTypeRegistry [restartedMain] Adding type registration java.lang.Character -> org.hibernate.type.CharacterType@52391878
2022-05-07 11:16:29,492 DEBUG org.hibernate.type.BasicTypeRegistry [restartedMain] Adding type registration short -> org.hibernate.type.ShortType@7e94fac0
2022-05-07 11:16:29,493 DEBUG org.hibernate.type.BasicTypeRegistry [restartedMain] Adding type registration short -> org.hibernate.type.ShortType@7e94fac0
2022-05-07 11:16:29,493 DEBUG org.hibernate.type.BasicTypeRegistry [restartedMain] Adding type registration java.lang.Short -> org.hibernate.type.ShortType@7e94fac0
2022-05-07 11:16:29,496 DEBUG org.hibernate.type.BasicTypeRegistry [restartedMain] Adding type registration integer -> org.hibernate.type.IntegerType@166aa146
2022-05-07 11:16:29,498 DEBUG org.hibernate.type.BasicTypeRegistry [restartedMain] Adding type registration int -> org.hibernate.type.IntegerType@166aa146
2022-05-07 11:16:29,498 DEBUG org.hibernate.type.BasicTypeRegistry [restartedMain] Adding type registration java.lang.Integer -> org.hibernate.type.IntegerType@166aa146
2022-05-07 11:16:29,501 DEBUG org.hibernate.type.BasicTypeRegistry [restartedMain] Adding type registration long -> org.hibernate.type.LongType@3eb6ad9d
2022-05-07 11:16:29,502 DEBUG org.hibernate.type.BasicTypeRegistry [restartedMain] Adding type registration long -> org.hibernate.type.LongType@3eb6ad9d
2022-05-07 11:16:29,502 DEBUG org.hibernate.type.BasicTypeRegistry [restartedMain] Adding type registration java.lang.Long -> org.hibernate.type.LongType@3eb6ad9d
2022-05-07 11:16:29,504 DEBUG org.hibernate.type.BasicTypeRegistry [restartedMain] Adding type registration float -> org.hibernate.type.FloatType@442d1a1c
2022-05-07 11:16:29,506 DEBUG org.hibernate.type.BasicTypeRegistry [restartedMain] Adding type registration float -> org.hibernate.type.FloatType@442d1a1c
2022-05-07 11:16:29,506 DEBUG org.hibernate.type.BasicTypeRegistry [restartedMain] Adding type registration java.lang.Float -> org.hibernate.type.FloatType@442d1a1c
2022-05-07 11:16:29,507 DEBUG org.hibernate.type.BasicTypeRegistry [restartedMain] Adding type registration double -> org.hibernate.type.DoubleType@79823a27
2022-05-07 11:16:29,508 DEBUG org.hibernate.type.BasicTypeRegistry [restartedMain] Adding type registration double -> org.hibernate.type.DoubleType@79823a27
2022-05-07 11:16:29,508 DEBUG org.hibernate.type.BasicTypeRegistry [restartedMain] Adding type registration java.lang.Double -> org.hibernate.type.DoubleType@79823a27
2022-05-07 11:16:29,510 DEBUG org.hibernate.type.BasicTypeRegistry [restartedMain] Adding type registration big_decimal -> org.hibernate.type.BigDecimalType@e86aae9
2022-05-07 11:16:29,511 DEBUG org.hibernate.type.BasicTypeRegistry [restartedMain] Adding type registration java.math.BigDecimal -> org.hibernate.type.BigDecimalType@e86aae9
2022-05-07 11:16:29,513 DEBUG org.hibernate.type.BasicTypeRegistry [restartedMain] Adding type registration big_integer -> org.hibernate.type.BigIntegerType@4531da25
2022-05-07 11:16:29,513 DEBUG org.hibernate.type.BasicTypeRegistry [restartedMain] Adding type registration java.math.BigInteger -> org.hibernate.type.BigIntegerType@4531da25
2022-05-07 11:16:29,515 DEBUG org.hibernate.type.BasicTypeRegistry [restartedMain] Adding type registration string -> org.hibernate.type.StringType@2236d0fe
2022-05-07 11:16:29,516 DEBUG org.hibernate.type.BasicTypeRegistry [restartedMain] Adding type registration java.lang.String -> org.hibernate.type.StringType@2236d0fe
2022-05-07 11:16:29,517 DEBUG org.hibernate.type.BasicTypeRegistry [restartedMain] Adding type registration nstring -> org.hibernate.type.StringNVarcharType@6f446984
2022-05-07 11:16:29,518 DEBUG org.hibernate.type.BasicTypeRegistry [restartedMain] Adding type registration ncharacter -> org.hibernate.type.CharacterNCharType@92edbf7
2022-05-07 11:16:29,520 DEBUG org.hibernate.type.BasicTypeRegistry [restartedMain] Adding type registration url -> org.hibernate.type.UrlType@6ddbb235
2022-05-07 11:16:29,520 DEBUG org.hibernate.type.BasicTypeRegistry [restartedMain] Adding type registration java.net.URL -> org.hibernate.type.UrlType@6ddbb235
2022-05-07 11:16:29,522 DEBUG org.hibernate.type.BasicTypeRegistry [restartedMain] Adding type registration Duration -> org.hibernate.type.DurationType@2727be64
2022-05-07 11:16:29,523 DEBUG org.hibernate.type.BasicTypeRegistry [restartedMain] Adding type registration java.time.Duration -> org.hibernate.type.DurationType@2727be64
2022-05-07 11:16:29,525 DEBUG org.hibernate.type.BasicTypeRegistry [restartedMain] Adding type registration Instant -> org.hibernate.type.InstantType@60060a83
2022-05-07 11:16:29,525 DEBUG org.hibernate.type.BasicTypeRegistry [restartedMain] Adding type registration java.time.Instant -> org.hibernate.type.InstantType@60060a83
2022-05-07 11:16:29,527 DEBUG org.hibernate.type.BasicTypeRegistry [restartedMain] Adding type registration LocalDateTime -> org.hibernate.type.LocalDateTimeType@63aaff2d
2022-05-07 11:16:29,527 DEBUG org.hibernate.type.BasicTypeRegistry [restartedMain] Adding type registration java.time.LocalDateTime -> org.hibernate.type.LocalDateTimeType@63aaff2d
2022-05-07 11:16:29,529 DEBUG org.hibernate.type.BasicTypeRegistry [restartedMain] Adding type registration LocalDate -> org.hibernate.type.LocalDateType@10425bb
2022-05-07 11:16:29,529 DEBUG org.hibernate.type.BasicTypeRegistry [restartedMain] Adding type registration java.time.LocalDate -> org.hibernate.type.LocalDateType@10425bb
2022-05-07 11:16:29,531 DEBUG org.hibernate.type.BasicTypeRegistry [restartedMain] Adding type registration LocalTime -> org.hibernate.type.LocalTimeType@420272a2
2022-05-07 11:16:29,531 DEBUG org.hibernate.type.BasicTypeRegistry [restartedMain] Adding type registration java.time.LocalTime -> org.hibernate.type.LocalTimeType@420272a2
2022-05-07 11:16:29,534 DEBUG org.hibernate.type.BasicTypeRegistry [restartedMain] Adding type registration OffsetDateTime -> org.hibernate.type.OffsetDateTimeType@4e01d020
2022-05-07 11:16:29,534 DEBUG org.hibernate.type.BasicTypeRegistry [restartedMain] Adding type registration java.time.OffsetDateTime -> org.hibernate.type.OffsetDateTimeType@4e01d020
2022-05-07 11:16:29,535 DEBUG org.hibernate.type.BasicTypeRegistry [restartedMain] Adding type registration OffsetTime -> org.hibernate.type.OffsetTimeType@64dfe337
2022-05-07 11:16:29,536 DEBUG org.hibernate.type.BasicTypeRegistry [restartedMain] Adding type registration java.time.OffsetTime -> org.hibernate.type.OffsetTimeType@64dfe337
2022-05-07 11:16:29,540 DEBUG org.hibernate.type.BasicTypeRegistry [restartedMain] Adding type registration ZonedDateTime -> org.hibernate.type.ZonedDateTimeType@4eef31a7
2022-05-07 11:16:29,540 DEBUG org.hibernate.type.BasicTypeRegistry [restartedMain] Adding type registration java.time.ZonedDateTime -> org.hibernate.type.ZonedDateTimeType@4eef31a7
2022-05-07 11:16:29,544 DEBUG org.hibernate.type.BasicTypeRegistry [restartedMain] Adding type registration date -> org.hibernate.type.DateType@3fc55a18
2022-05-07 11:16:29,544 DEBUG org.hibernate.type.BasicTypeRegistry [restartedMain] Adding type registration java.sql.Date -> org.hibernate.type.DateType@3fc55a18
2022-05-07 11:16:29,546 DEBUG org.hibernate.type.BasicTypeRegistry [restartedMain] Adding type registration time -> org.hibernate.type.TimeType@b7b85e
2022-05-07 11:16:29,546 DEBUG org.hibernate.type.BasicTypeRegistry [restartedMain] Adding type registration java.sql.Time -> org.hibernate.type.TimeType@b7b85e
2022-05-07 11:16:29,548 DEBUG org.hibernate.type.BasicTypeRegistry [restartedMain] Adding type registration timestamp -> org.hibernate.type.TimestampType@176496a
2022-05-07 11:16:29,549 DEBUG org.hibernate.type.BasicTypeRegistry [restartedMain] Adding type registration java.sql.Timestamp -> org.hibernate.type.TimestampType@176496a
2022-05-07 11:16:29,549 DEBUG org.hibernate.type.BasicTypeRegistry [restartedMain] Adding type registration java.util.Date -> org.hibernate.type.TimestampType@176496a
2022-05-07 11:16:29,552 DEBUG org.hibernate.type.BasicTypeRegistry [restartedMain] Adding type registration dbtimestamp -> org.hibernate.type.DbTimestampType@3e377d55
2022-05-07 11:16:29,555 DEBUG org.hibernate.type.BasicTypeRegistry [restartedMain] Adding type registration calendar -> org.hibernate.type.CalendarType@7f27a150
2022-05-07 11:16:29,555 DEBUG org.hibernate.type.BasicTypeRegistry [restartedMain] Adding type registration java.util.Calendar -> org.hibernate.type.CalendarType@7f27a150
2022-05-07 11:16:29,556 DEBUG org.hibernate.type.BasicTypeRegistry [restartedMain] Adding type registration java.util.GregorianCalendar -> org.hibernate.type.CalendarType@7f27a150
2022-05-07 11:16:29,559 DEBUG org.hibernate.type.BasicTypeRegistry [restartedMain] Adding type registration calendar_date -> org.hibernate.type.CalendarDateType@538d00ef
2022-05-07 11:16:29,564 DEBUG org.hibernate.type.BasicTypeRegistry [restartedMain] Adding type registration calendar_time -> org.hibernate.type.CalendarTimeType@63b9ea4c
2022-05-07 11:16:29,566 DEBUG org.hibernate.type.BasicTypeRegistry [restartedMain] Adding type registration locale -> org.hibernate.type.LocaleType@76495f04
2022-05-07 11:16:29,567 DEBUG org.hibernate.type.BasicTypeRegistry [restartedMain] Adding type registration java.util.Locale -> org.hibernate.type.LocaleType@76495f04
2022-05-07 11:16:29,571 DEBUG org.hibernate.type.BasicTypeRegistry [restartedMain] Adding type registration currency -> org.hibernate.type.CurrencyType@6b94d2e3
2022-05-07 11:16:29,571 DEBUG org.hibernate.type.BasicTypeRegistry [restartedMain] Adding type registration java.util.Currency -> org.hibernate.type.CurrencyType@6b94d2e3
2022-05-07 11:16:29,574 DEBUG org.hibernate.type.BasicTypeRegistry [restartedMain] Adding type registration timezone -> org.hibernate.type.TimeZoneType@5f590ea3
2022-05-07 11:16:29,575 DEBUG org.hibernate.type.BasicTypeRegistry [restartedMain] Adding type registration java.util.TimeZone -> org.hibernate.type.TimeZoneType@5f590ea3
2022-05-07 11:16:29,578 DEBUG org.hibernate.type.BasicTypeRegistry [restartedMain] Adding type registration class -> org.hibernate.type.ClassType@6b41eaef
2022-05-07 11:16:29,579 DEBUG org.hibernate.type.BasicTypeRegistry [restartedMain] Adding type registration java.lang.Class -> org.hibernate.type.ClassType@6b41eaef
2022-05-07 11:16:29,582 DEBUG org.hibernate.type.BasicTypeRegistry [restartedMain] Adding type registration uuid-binary -> org.hibernate.type.UUIDBinaryType@5c0ff244
2022-05-07 11:16:29,583 DEBUG org.hibernate.type.BasicTypeRegistry [restartedMain] Adding type registration java.util.UUID -> org.hibernate.type.UUIDBinaryType@5c0ff244
2022-05-07 11:16:29,584 DEBUG org.hibernate.type.BasicTypeRegistry [restartedMain] Adding type registration uuid-char -> org.hibernate.type.UUIDCharType@4348be64
2022-05-07 11:16:29,587 DEBUG org.hibernate.type.BasicTypeRegistry [restartedMain] Adding type registration binary -> org.hibernate.type.BinaryType@36e42635
2022-05-07 11:16:29,588 DEBUG org.hibernate.type.BasicTypeRegistry [restartedMain] Adding type registration byte[] -> org.hibernate.type.BinaryType@36e42635
2022-05-07 11:16:29,588 DEBUG org.hibernate.type.BasicTypeRegistry [restartedMain] Adding type registration [B -> org.hibernate.type.BinaryType@36e42635
2022-05-07 11:16:29,591 DEBUG org.hibernate.type.BasicTypeRegistry [restartedMain] Adding type registration wrapper-binary -> org.hibernate.type.WrapperBinaryType@7090a158
2022-05-07 11:16:29,591 DEBUG org.hibernate.type.BasicTypeRegistry [restartedMain] Adding type registration Byte[] -> org.hibernate.type.WrapperBinaryType@7090a158
2022-05-07 11:16:29,591 DEBUG org.hibernate.type.BasicTypeRegistry [restartedMain] Adding type registration [Ljava.lang.Byte; -> org.hibernate.type.WrapperBinaryType@7090a158
2022-05-07 11:16:29,594 DEBUG org.hibernate.type.BasicTypeRegistry [restartedMain] Adding type registration row_version -> org.hibernate.type.RowVersionType@5a475091
2022-05-07 11:16:29,595 DEBUG org.hibernate.type.BasicTypeRegistry [restartedMain] Adding type registration image -> org.hibernate.type.ImageType@359d365b
2022-05-07 11:16:29,598 DEBUG org.hibernate.type.BasicTypeRegistry [restartedMain] Adding type registration characters -> org.hibernate.type.CharArrayType@5225b6db
2022-05-07 11:16:29,598 DEBUG org.hibernate.type.BasicTypeRegistry [restartedMain] Adding type registration char[] -> org.hibernate.type.CharArrayType@5225b6db
2022-05-07 11:16:29,599 DEBUG org.hibernate.type.BasicTypeRegistry [restartedMain] Adding type registration [C -> org.hibernate.type.CharArrayType@5225b6db
2022-05-07 11:16:29,602 DEBUG org.hibernate.type.BasicTypeRegistry [restartedMain] Adding type registration wrapper-characters -> org.hibernate.type.CharacterArrayType@732559e7
2022-05-07 11:16:29,602 DEBUG org.hibernate.type.BasicTypeRegistry [restartedMain] Adding type registration [Ljava.lang.Character; -> org.hibernate.type.CharacterArrayType@732559e7
2022-05-07 11:16:29,602 DEBUG org.hibernate.type.BasicTypeRegistry [restartedMain] Adding type registration Character[] -> org.hibernate.type.CharacterArrayType@732559e7
2022-05-07 11:16:29,603 DEBUG org.hibernate.type.BasicTypeRegistry [restartedMain] Adding type registration text -> org.hibernate.type.TextType@19052c39
2022-05-07 11:16:29,604 DEBUG org.hibernate.type.BasicTypeRegistry [restartedMain] Adding type registration ntext -> org.hibernate.type.NTextType@3ece822c
2022-05-07 11:16:29,608 DEBUG org.hibernate.type.BasicTypeRegistry [restartedMain] Adding type registration blob -> org.hibernate.type.BlobType@7ba3cd18
2022-05-07 11:16:29,608 DEBUG org.hibernate.type.BasicTypeRegistry [restartedMain] Adding type registration java.sql.Blob -> org.hibernate.type.BlobType@7ba3cd18
2022-05-07 11:16:29,610 DEBUG org.hibernate.type.BasicTypeRegistry [restartedMain] Adding type registration materialized_blob -> org.hibernate.type.MaterializedBlobType@61a26eb5
2022-05-07 11:16:29,614 DEBUG org.hibernate.type.BasicTypeRegistry [restartedMain] Adding type registration clob -> org.hibernate.type.ClobType@7cf1de19
2022-05-07 11:16:29,614 DEBUG org.hibernate.type.BasicTypeRegistry [restartedMain] Adding type registration java.sql.Clob -> org.hibernate.type.ClobType@7cf1de19
2022-05-07 11:16:29,617 DEBUG org.hibernate.type.BasicTypeRegistry [restartedMain] Adding type registration nclob -> org.hibernate.type.NClobType@5c4c3978
2022-05-07 11:16:29,618 DEBUG org.hibernate.type.BasicTypeRegistry [restartedMain] Adding type registration java.sql.NClob -> org.hibernate.type.NClobType@5c4c3978
2022-05-07 11:16:29,619 DEBUG org.hibernate.type.BasicTypeRegistry [restartedMain] Adding type registration materialized_clob -> org.hibernate.type.MaterializedClobType@17d37424
2022-05-07 11:16:29,620 DEBUG org.hibernate.type.BasicTypeRegistry [restartedMain] Adding type registration materialized_nclob -> org.hibernate.type.MaterializedNClobType@7d1d94ec
2022-05-07 11:16:29,624 DEBUG org.hibernate.type.BasicTypeRegistry [restartedMain] Adding type registration serializable -> org.hibernate.type.SerializableType@578e5f03
2022-05-07 11:16:29,631 DEBUG org.hibernate.type.BasicTypeRegistry [restartedMain] Adding type registration object -> org.hibernate.type.ObjectType@defabc9
2022-05-07 11:16:29,631 DEBUG org.hibernate.type.BasicTypeRegistry [restartedMain] Adding type registration java.lang.Object -> org.hibernate.type.ObjectType@defabc9
2022-05-07 11:16:29,632 DEBUG org.hibernate.type.BasicTypeRegistry [restartedMain] Adding type registration imm_date -> org.hibernate.type.AdaptedImmutableType@4b5203b4
2022-05-07 11:16:29,632 DEBUG org.hibernate.type.BasicTypeRegistry [restartedMain] Adding type registration imm_time -> org.hibernate.type.AdaptedImmutableType@46c8705e
2022-05-07 11:16:29,632 DEBUG org.hibernate.type.BasicTypeRegistry [restartedMain] Adding type registration imm_timestamp -> org.hibernate.type.AdaptedImmutableType@a1a1c3a
2022-05-07 11:16:29,632 DEBUG org.hibernate.type.BasicTypeRegistry [restartedMain] Adding type registration imm_dbtimestamp -> org.hibernate.type.AdaptedImmutableType@2b1f8f23
2022-05-07 11:16:29,633 DEBUG org.hibernate.type.BasicTypeRegistry [restartedMain] Adding type registration imm_calendar -> org.hibernate.type.AdaptedImmutableType@708b7657
2022-05-07 11:16:29,633 DEBUG org.hibernate.type.BasicTypeRegistry [restartedMain] Adding type registration imm_calendar_date -> org.hibernate.type.AdaptedImmutableType@75c4b298
2022-05-07 11:16:29,633 DEBUG org.hibernate.type.BasicTypeRegistry [restartedMain] Adding type registration imm_binary -> org.hibernate.type.AdaptedImmutableType@2f658bd6
2022-05-07 11:16:29,634 DEBUG org.hibernate.type.BasicTypeRegistry [restartedMain] Adding type registration imm_serializable -> org.hibernate.type.AdaptedImmutableType@78547f8e
2022-05-07 11:16:30,754 DEBUG org.hibernate.type.spi.TypeConfiguration$Scope [restartedMain] Scoping TypeConfiguration [org.hibernate.type.spi.TypeConfiguration@7ab5caa4] to MetadataBuildingContext [org.hibernate.boot.internal.MetadataBuildingContextRootImpl@3f79fa16]
2022-05-07 11:16:31,356 DEBUG org.hibernate.type.spi.TypeConfiguration$Scope [restartedMain] Scoping TypeConfiguration [org.hibernate.type.spi.TypeConfiguration@7ab5caa4] to SessionFactoryImpl [org.hibernate.internal.SessionFactoryImpl@54da2400]
2022-05-07 11:16:32,267 TRACE org.hibernate.type.spi.TypeConfiguration$Scope [restartedMain] Handling #sessionFactoryCreated from [org.hibernate.internal.SessionFactoryImpl@54da2400] for TypeConfiguration
2022-05-07 11:16:34,172 TRACE org.hibernate.type.spi.TypeConfiguration$Scope [restartedMain] Handling #sessionFactoryClosed from [org.hibernate.internal.SessionFactoryImpl@54da2400] for TypeConfiguration
2022-05-07 11:16:34,173 DEBUG org.hibernate.type.spi.TypeConfiguration$Scope [restartedMain] Un-scoping TypeConfiguration [org.hibernate.type.spi.TypeConfiguration$Scope@b9fb97] from SessionFactory [org.hibernate.internal.SessionFactoryImpl@54da2400]
2022-05-07 11:16:34,269 ERROR org.springframework.boot.diagnostics.LoggingFailureAnalysisReporter [restartedMain] 

***************************
APPLICATION FAILED TO START
***************************

Description:

Web server failed to start. Port 8080 was already in use.

Action:

Identify and stop the process that's listening on port 8080 or configure this application to listen on another port.

