2022-06-25 14:26:25,404 DEBUG org.hibernate.SQL [http-nio-8080-exec-5] select employeede0_.emp_id as emp_id1_2_, employeede0_.date_of_birth as date_of_2_2_, employeede0_.date_of_joining as date_of_3_2_, employeede0_.department_name as departme4_2_, employeede0_.first_name as first_na5_2_, employeede0_.gender as gender6_2_, employeede0_.last_name as last_nam7_2_, employeede0_.password as password8_2_, employeede0_.photo as photo9_2_, employeede0_.role as role10_2_, employeede0_.user_name as user_na11_2_ from employee_details_table employeede0_
2022-06-25 14:26:25,660 TRACE org.hibernate.type.descriptor.sql.BasicExtractor [http-nio-8080-exec-5] extracted value ([emp_id1_2_] : [INTEGER]) - [1]
2022-06-25 14:26:25,671 TRACE org.hibernate.type.descriptor.sql.BasicExtractor [http-nio-8080-exec-5] extracted value ([date_of_2_2_] : [DATE]) - [2008-11-11]
2022-06-25 14:26:25,671 TRACE org.hibernate.type.descriptor.sql.BasicExtractor [http-nio-8080-exec-5] extracted value ([date_of_3_2_] : [DATE]) - [2022-11-11]
2022-06-25 14:26:25,672 TRACE org.hibernate.type.descriptor.sql.BasicExtractor [http-nio-8080-exec-5] extracted value ([departme4_2_] : [VARCHAR]) - [SOFTWARE -- MUMBAI]
2022-06-25 14:26:25,672 TRACE org.hibernate.type.descriptor.sql.BasicExtractor [http-nio-8080-exec-5] extracted value ([first_na5_2_] : [VARCHAR]) - [Aryan]
2022-06-25 14:26:25,672 TRACE org.hibernate.type.descriptor.sql.BasicExtractor [http-nio-8080-exec-5] extracted value ([gender6_2_] : [VARCHAR]) - [MALE]
2022-06-25 14:26:25,672 TRACE org.hibernate.type.descriptor.sql.BasicExtractor [http-nio-8080-exec-5] extracted value ([last_nam7_2_] : [VARCHAR]) - [Singh]
2022-06-25 14:26:25,672 TRACE org.hibernate.type.descriptor.sql.BasicExtractor [http-nio-8080-exec-5] extracted value ([password8_2_] : [VARCHAR]) - [password]
2022-06-25 14:26:25,672 TRACE org.hibernate.type.descriptor.sql.BasicExtractor [http-nio-8080-exec-5] extracted value ([photo9_2_] : [VARCHAR]) - [AryanPhoto.JPG]
2022-06-25 14:26:25,673 TRACE org.hibernate.type.descriptor.sql.BasicExtractor [http-nio-8080-exec-5] extracted value ([role10_2_] : [VARCHAR]) - [EMPLOYEE]
2022-06-25 14:26:25,673 TRACE org.hibernate.type.descriptor.sql.BasicExtractor [http-nio-8080-exec-5] extracted value ([user_na11_2_] : [VARCHAR]) - [aryansingh]
2022-06-25 14:26:25,673 TRACE org.hibernate.type.descriptor.sql.BasicExtractor [http-nio-8080-exec-5] extracted value ([emp_id1_2_] : [INTEGER]) - [2]
2022-06-25 14:26:25,674 TRACE org.hibernate.type.descriptor.sql.BasicExtractor [http-nio-8080-exec-5] extracted value ([date_of_2_2_] : [DATE]) - [1999-05-06]
2022-06-25 14:26:25,675 TRACE org.hibernate.type.descriptor.sql.BasicExtractor [http-nio-8080-exec-5] extracted value ([date_of_3_2_] : [DATE]) - [2022-05-23]
2022-06-25 14:26:25,676 TRACE org.hibernate.type.descriptor.sql.BasicExtractor [http-nio-8080-exec-5] extracted value ([departme4_2_] : [VARCHAR]) - [SOFTWARE -- MUMBAI]
2022-06-25 14:26:25,676 TRACE org.hibernate.type.descriptor.sql.BasicExtractor [http-nio-8080-exec-5] extracted value ([first_na5_2_] : [VARCHAR]) - [ARMAAN]
2022-06-25 14:26:25,676 TRACE org.hibernate.type.descriptor.sql.BasicExtractor [http-nio-8080-exec-5] extracted value ([gender6_2_] : [VARCHAR]) - [MALE]
2022-06-25 14:26:25,676 TRACE org.hibernate.type.descriptor.sql.BasicExtractor [http-nio-8080-exec-5] extracted value ([last_nam7_2_] : [VARCHAR]) - [SINGH]
2022-06-25 14:26:25,676 TRACE org.hibernate.type.descriptor.sql.BasicExtractor [http-nio-8080-exec-5] extracted value ([password8_2_] : [VARCHAR]) - [Pass]
2022-06-25 14:26:25,676 TRACE org.hibernate.type.descriptor.sql.BasicExtractor [http-nio-8080-exec-5] extracted value ([photo9_2_] : [VARCHAR]) - [Screen Shot 2022-05-23 at 10.12.28 AM.png]
2022-06-25 14:26:25,677 TRACE org.hibernate.type.descriptor.sql.BasicExtractor [http-nio-8080-exec-5] extracted value ([role10_2_] : [VARCHAR]) - [ADMIN]
2022-06-25 14:26:25,677 TRACE org.hibernate.type.descriptor.sql.BasicExtractor [http-nio-8080-exec-5] extracted value ([user_na11_2_] : [VARCHAR]) - [itsaryan]
2022-06-25 14:26:25,677 TRACE org.hibernate.type.descriptor.sql.BasicExtractor [http-nio-8080-exec-5] extracted value ([emp_id1_2_] : [INTEGER]) - [4]
2022-06-25 14:26:25,679 TRACE org.hibernate.type.descriptor.sql.BasicExtractor [http-nio-8080-exec-5] extracted value ([date_of_2_2_] : [DATE]) - [1996-06-14]
2022-06-25 14:26:25,679 TRACE org.hibernate.type.descriptor.sql.BasicExtractor [http-nio-8080-exec-5] extracted value ([date_of_3_2_] : [DATE]) - [2022-05-23]
2022-06-25 14:26:25,679 TRACE org.hibernate.type.descriptor.sql.BasicExtractor [http-nio-8080-exec-5] extracted value ([departme4_2_] : [VARCHAR]) - [ENGINEER -- DELHI]
2022-06-25 14:26:25,680 TRACE org.hibernate.type.descriptor.sql.BasicExtractor [http-nio-8080-exec-5] extracted value ([first_na5_2_] : [VARCHAR]) - [SRIKHAR]
2022-06-25 14:26:25,681 TRACE org.hibernate.type.descriptor.sql.BasicExtractor [http-nio-8080-exec-5] extracted value ([gender6_2_] : [VARCHAR]) - [MALE]
2022-06-25 14:26:25,681 TRACE org.hibernate.type.descriptor.sql.BasicExtractor [http-nio-8080-exec-5] extracted value ([last_nam7_2_] : [VARCHAR]) - [EDARA]
2022-06-25 14:26:25,681 TRACE org.hibernate.type.descriptor.sql.BasicExtractor [http-nio-8080-exec-5] extracted value ([password8_2_] : [VARCHAR]) - [one]
2022-06-25 14:26:25,681 TRACE org.hibernate.type.descriptor.sql.BasicExtractor [http-nio-8080-exec-5] extracted value ([photo9_2_] : [VARCHAR]) - [Screen Shot 2022-05-23 at 10.29.34 AM.png]
2022-06-25 14:26:25,681 TRACE org.hibernate.type.descriptor.sql.BasicExtractor [http-nio-8080-exec-5] extracted value ([role10_2_] : [VARCHAR]) - [EMPLOYEE]
2022-06-25 14:26:25,681 TRACE org.hibernate.type.descriptor.sql.BasicExtractor [http-nio-8080-exec-5] extracted value ([user_na11_2_] : [VARCHAR]) - [eone]
2022-06-25 14:26:25,682 TRACE org.hibernate.type.descriptor.sql.BasicExtractor [http-nio-8080-exec-5] extracted value ([emp_id1_2_] : [INTEGER]) - [5]
2022-06-25 14:26:25,682 TRACE org.hibernate.type.descriptor.sql.BasicExtractor [http-nio-8080-exec-5] extracted value ([date_of_2_2_] : [DATE]) - [1997-11-29]
2022-06-25 14:26:25,682 TRACE org.hibernate.type.descriptor.sql.BasicExtractor [http-nio-8080-exec-5] extracted value ([date_of_3_2_] : [DATE]) - [2022-05-04]
2022-06-25 14:26:25,682 TRACE org.hibernate.type.descriptor.sql.BasicExtractor [http-nio-8080-exec-5] extracted value ([departme4_2_] : [VARCHAR]) - [IDEA PARK -- BANGALORE]
2022-06-25 14:26:25,683 TRACE org.hibernate.type.descriptor.sql.BasicExtractor [http-nio-8080-exec-5] extracted value ([first_na5_2_] : [VARCHAR]) - [ABHISHEK]
2022-06-25 14:26:25,683 TRACE org.hibernate.type.descriptor.sql.BasicExtractor [http-nio-8080-exec-5] extracted value ([gender6_2_] : [VARCHAR]) - [MALE]
2022-06-25 14:26:25,683 TRACE org.hibernate.type.descriptor.sql.BasicExtractor [http-nio-8080-exec-5] extracted value ([last_nam7_2_] : [VARCHAR]) - [NIM]
2022-06-25 14:26:25,683 TRACE org.hibernate.type.descriptor.sql.BasicExtractor [http-nio-8080-exec-5] extracted value ([password8_2_] : [VARCHAR]) - [two]
2022-06-25 14:26:25,683 TRACE org.hibernate.type.descriptor.sql.BasicExtractor [http-nio-8080-exec-5] extracted value ([photo9_2_] : [VARCHAR]) - [Screen Shot 2022-05-23 at 10.31.03 AM.png]
2022-06-25 14:26:25,683 TRACE org.hibernate.type.descriptor.sql.BasicExtractor [http-nio-8080-exec-5] extracted value ([role10_2_] : [VARCHAR]) - [EMPLOYEE]
2022-06-25 14:26:25,683 TRACE org.hibernate.type.descriptor.sql.BasicExtractor [http-nio-8080-exec-5] extracted value ([user_na11_2_] : [VARCHAR]) - [etwo]
2022-06-25 14:26:25,683 TRACE org.hibernate.type.descriptor.sql.BasicExtractor [http-nio-8080-exec-5] extracted value ([emp_id1_2_] : [INTEGER]) - [6]
2022-06-25 14:26:25,684 TRACE org.hibernate.type.descriptor.sql.BasicExtractor [http-nio-8080-exec-5] extracted value ([date_of_2_2_] : [DATE]) - [2001-06-06]
2022-06-25 14:26:25,685 TRACE org.hibernate.type.descriptor.sql.BasicExtractor [http-nio-8080-exec-5] extracted value ([date_of_3_2_] : [DATE]) - [2022-05-25]
2022-06-25 14:26:25,685 TRACE org.hibernate.type.descriptor.sql.BasicExtractor [http-nio-8080-exec-5] extracted value ([departme4_2_] : [VARCHAR]) - [IDEA PARK -- BANGALORE]
2022-06-25 14:26:25,688 TRACE org.hibernate.type.descriptor.sql.BasicExtractor [http-nio-8080-exec-5] extracted value ([first_na5_2_] : [VARCHAR]) - [YASHVI]
2022-06-25 14:26:25,688 TRACE org.hibernate.type.descriptor.sql.BasicExtractor [http-nio-8080-exec-5] extracted value ([gender6_2_] : [VARCHAR]) - [FEMALE]
2022-06-25 14:26:25,688 TRACE org.hibernate.type.descriptor.sql.BasicExtractor [http-nio-8080-exec-5] extracted value ([last_nam7_2_] : [VARCHAR]) - [MANIAR]
2022-06-25 14:26:25,688 TRACE org.hibernate.type.descriptor.sql.BasicExtractor [http-nio-8080-exec-5] extracted value ([password8_2_] : [VARCHAR]) - [idab]
2022-06-25 14:26:25,689 TRACE org.hibernate.type.descriptor.sql.BasicExtractor [http-nio-8080-exec-5] extracted value ([photo9_2_] : [VARCHAR]) - [Screen Shot 2022-05-23 at 10.12.28 AM.png]
2022-06-25 14:26:25,689 TRACE org.hibernate.type.descriptor.sql.BasicExtractor [http-nio-8080-exec-5] extracted value ([role10_2_] : [VARCHAR]) - [EMPLOYEE]
2022-06-25 14:26:25,689 TRACE org.hibernate.type.descriptor.sql.BasicExtractor [http-nio-8080-exec-5] extracted value ([user_na11_2_] : [VARCHAR]) - [ykm]
2022-06-25 14:26:25,691 TRACE org.hibernate.type.descriptor.sql.BasicExtractor [http-nio-8080-exec-5] extracted value ([emp_id1_2_] : [INTEGER]) - [7]
2022-06-25 14:26:25,693 TRACE org.hibernate.type.descriptor.sql.BasicExtractor [http-nio-8080-exec-5] extracted value ([date_of_2_2_] : [DATE]) - [1999-02-08]
2022-06-25 14:26:25,699 TRACE org.hibernate.type.descriptor.sql.BasicExtractor [http-nio-8080-exec-5] extracted value ([date_of_3_2_] : [DATE]) - [2022-05-11]
2022-06-25 14:26:25,699 TRACE org.hibernate.type.descriptor.sql.BasicExtractor [http-nio-8080-exec-5] extracted value ([departme4_2_] : [VARCHAR]) - [ENGINEER -- DELHI]
2022-06-25 14:26:25,699 TRACE org.hibernate.type.descriptor.sql.BasicExtractor [http-nio-8080-exec-5] extracted value ([first_na5_2_] : [VARCHAR]) - [SOHAM]
2022-06-25 14:26:25,699 TRACE org.hibernate.type.descriptor.sql.BasicExtractor [http-nio-8080-exec-5] extracted value ([gender6_2_] : [VARCHAR]) - [MALE]
2022-06-25 14:26:25,699 TRACE org.hibernate.type.descriptor.sql.BasicExtractor [http-nio-8080-exec-5] extracted value ([last_nam7_2_] : [VARCHAR]) - [SHARMA]
2022-06-25 14:26:25,699 TRACE org.hibernate.type.descriptor.sql.BasicExtractor [http-nio-8080-exec-5] extracted value ([password8_2_] : [VARCHAR]) - [rocky]
2022-06-25 14:26:25,699 TRACE org.hibernate.type.descriptor.sql.BasicExtractor [http-nio-8080-exec-5] extracted value ([photo9_2_] : [VARCHAR]) - [Screen Shot 2022-05-25 at 12.25.19 PM.png]
2022-06-25 14:26:25,699 TRACE org.hibernate.type.descriptor.sql.BasicExtractor [http-nio-8080-exec-5] extracted value ([role10_2_] : [VARCHAR]) - [EMPLOYEE]
2022-06-25 14:26:25,699 TRACE org.hibernate.type.descriptor.sql.BasicExtractor [http-nio-8080-exec-5] extracted value ([user_na11_2_] : [VARCHAR]) - [ss]
2022-06-25 14:26:25,700 TRACE org.hibernate.type.descriptor.sql.BasicExtractor [http-nio-8080-exec-5] extracted value ([emp_id1_2_] : [INTEGER]) - [12]
2022-06-25 14:26:25,701 TRACE org.hibernate.type.descriptor.sql.BasicExtractor [http-nio-8080-exec-5] extracted value ([date_of_2_2_] : [DATE]) - [2001-02-13]
2022-06-25 14:26:25,701 TRACE org.hibernate.type.descriptor.sql.BasicExtractor [http-nio-8080-exec-5] extracted value ([date_of_3_2_] : [DATE]) - [2022-06-06]
2022-06-25 14:26:25,701 TRACE org.hibernate.type.descriptor.sql.BasicExtractor [http-nio-8080-exec-5] extracted value ([departme4_2_] : [VARCHAR]) - [SOFTWARE -- MUMBAI]
2022-06-25 14:26:25,701 TRACE org.hibernate.type.descriptor.sql.BasicExtractor [http-nio-8080-exec-5] extracted value ([first_na5_2_] : [VARCHAR]) - [NEW]
2022-06-25 14:26:25,702 TRACE org.hibernate.type.descriptor.sql.BasicExtractor [http-nio-8080-exec-5] extracted value ([gender6_2_] : [VARCHAR]) - [MALE]
2022-06-25 14:26:25,702 TRACE org.hibernate.type.descriptor.sql.BasicExtractor [http-nio-8080-exec-5] extracted value ([last_nam7_2_] : [VARCHAR]) - [EMP]
2022-06-25 14:26:25,702 TRACE org.hibernate.type.descriptor.sql.BasicExtractor [http-nio-8080-exec-5] extracted value ([password8_2_] : [VARCHAR]) - [NE]
2022-06-25 14:26:25,702 TRACE org.hibernate.type.descriptor.sql.BasicExtractor [http-nio-8080-exec-5] extracted value ([photo9_2_] : [VARCHAR]) - [Screen Shot 2022-06-06 at 10.05.18 AM.png]
2022-06-25 14:26:25,702 TRACE org.hibernate.type.descriptor.sql.BasicExtractor [http-nio-8080-exec-5] extracted value ([role10_2_] : [VARCHAR]) - [EMPLOYEE]
2022-06-25 14:26:25,702 TRACE org.hibernate.type.descriptor.sql.BasicExtractor [http-nio-8080-exec-5] extracted value ([user_na11_2_] : [VARCHAR]) - [NE]
2022-06-25 14:26:25,703 TRACE org.hibernate.type.descriptor.sql.BasicExtractor [http-nio-8080-exec-5] extracted value ([emp_id1_2_] : [INTEGER]) - [13]
2022-06-25 14:26:25,709 TRACE org.hibernate.type.descriptor.sql.BasicExtractor [http-nio-8080-exec-5] extracted value ([date_of_2_2_] : [DATE]) - [2001-07-18]
2022-06-25 14:26:25,710 TRACE org.hibernate.type.descriptor.sql.BasicExtractor [http-nio-8080-exec-5] extracted value ([date_of_3_2_] : [DATE]) - [2022-06-06]
2022-06-25 14:26:25,717 TRACE org.hibernate.type.descriptor.sql.BasicExtractor [http-nio-8080-exec-5] extracted value ([departme4_2_] : [VARCHAR]) - [SOFTWARE -- MUMBAI]
2022-06-25 14:26:25,717 TRACE org.hibernate.type.descriptor.sql.BasicExtractor [http-nio-8080-exec-5] extracted value ([first_na5_2_] : [VARCHAR]) - [JHANVI]
2022-06-25 14:26:25,717 TRACE org.hibernate.type.descriptor.sql.BasicExtractor [http-nio-8080-exec-5] extracted value ([gender6_2_] : [VARCHAR]) - [FEMALE]
2022-06-25 14:26:25,717 TRACE org.hibernate.type.descriptor.sql.BasicExtractor [http-nio-8080-exec-5] extracted value ([last_nam7_2_] : [VARCHAR]) - [MISHRA]
2022-06-25 14:26:25,717 TRACE org.hibernate.type.descriptor.sql.BasicExtractor [http-nio-8080-exec-5] extracted value ([password8_2_] : [VARCHAR]) - [jm]
2022-06-25 14:26:25,717 TRACE org.hibernate.type.descriptor.sql.BasicExtractor [http-nio-8080-exec-5] extracted value ([photo9_2_] : [VARCHAR]) - [Screen Shot 2022-06-06 at 10.05.18 AM.png]
2022-06-25 14:26:25,718 TRACE org.hibernate.type.descriptor.sql.BasicExtractor [http-nio-8080-exec-5] extracted value ([role10_2_] : [VARCHAR]) - [EMPLOYEE]
2022-06-25 14:26:25,718 TRACE org.hibernate.type.descriptor.sql.BasicExtractor [http-nio-8080-exec-5] extracted value ([user_na11_2_] : [VARCHAR]) - [jm]
2022-06-25 14:26:25,718 TRACE org.hibernate.type.descriptor.sql.BasicExtractor [http-nio-8080-exec-5] extracted value ([emp_id1_2_] : [INTEGER]) - [14]
2022-06-25 14:26:25,720 TRACE org.hibernate.type.descriptor.sql.BasicExtractor [http-nio-8080-exec-5] extracted value ([date_of_2_2_] : [DATE]) - [2004-02-18]
2022-06-25 14:26:25,720 TRACE org.hibernate.type.descriptor.sql.BasicExtractor [http-nio-8080-exec-5] extracted value ([date_of_3_2_] : [DATE]) - [2022-06-06]
2022-06-25 14:26:25,720 TRACE org.hibernate.type.descriptor.sql.BasicExtractor [http-nio-8080-exec-5] extracted value ([departme4_2_] : [VARCHAR]) - [ENGINEER -- DELHI]
2022-06-25 14:26:25,720 TRACE org.hibernate.type.descriptor.sql.BasicExtractor [http-nio-8080-exec-5] extracted value ([first_na5_2_] : [VARCHAR]) - [SARTHAK]
2022-06-25 14:26:25,721 TRACE org.hibernate.type.descriptor.sql.BasicExtractor [http-nio-8080-exec-5] extracted value ([gender6_2_] : [VARCHAR]) - [MALE]
2022-06-25 14:26:25,721 TRACE org.hibernate.type.descriptor.sql.BasicExtractor [http-nio-8080-exec-5] extracted value ([last_nam7_2_] : [VARCHAR]) - [MEHRA]
2022-06-25 14:26:25,721 TRACE org.hibernate.type.descriptor.sql.BasicExtractor [http-nio-8080-exec-5] extracted value ([password8_2_] : [VARCHAR]) - [SM]
2022-06-25 14:26:25,721 TRACE org.hibernate.type.descriptor.sql.BasicExtractor [http-nio-8080-exec-5] extracted value ([photo9_2_] : [VARCHAR]) - [Screen Shot 2022-06-06 at 10.05.18 AM.png]
2022-06-25 14:26:25,721 TRACE org.hibernate.type.descriptor.sql.BasicExtractor [http-nio-8080-exec-5] extracted value ([role10_2_] : [VARCHAR]) - [EMPLOYEE]
2022-06-25 14:26:25,721 TRACE org.hibernate.type.descriptor.sql.BasicExtractor [http-nio-8080-exec-5] extracted value ([user_na11_2_] : [VARCHAR]) - [SM]
2022-06-25 14:26:25,721 TRACE org.hibernate.type.descriptor.sql.BasicExtractor [http-nio-8080-exec-5] extracted value ([emp_id1_2_] : [INTEGER]) - [16]
2022-06-25 14:26:25,722 TRACE org.hibernate.type.descriptor.sql.BasicExtractor [http-nio-8080-exec-5] extracted value ([date_of_2_2_] : [DATE]) - [2005-03-10]
2022-06-25 14:26:25,722 TRACE org.hibernate.type.descriptor.sql.BasicExtractor [http-nio-8080-exec-5] extracted value ([date_of_3_2_] : [DATE]) - [2022-06-06]
2022-06-25 14:26:25,723 TRACE org.hibernate.type.descriptor.sql.BasicExtractor [http-nio-8080-exec-5] extracted value ([departme4_2_] : [VARCHAR]) - [IDEA PARK -- BANGALORE]
2022-06-25 14:26:25,724 TRACE org.hibernate.type.descriptor.sql.BasicExtractor [http-nio-8080-exec-5] extracted value ([first_na5_2_] : [VARCHAR]) - [ARKO]
2022-06-25 14:26:25,724 TRACE org.hibernate.type.descriptor.sql.BasicExtractor [http-nio-8080-exec-5] extracted value ([gender6_2_] : [VARCHAR]) - [MALE]
2022-06-25 14:26:25,724 TRACE org.hibernate.type.descriptor.sql.BasicExtractor [http-nio-8080-exec-5] extracted value ([last_nam7_2_] : [VARCHAR]) - [CHAKROBARTY]
2022-06-25 14:26:25,724 TRACE org.hibernate.type.descriptor.sql.BasicExtractor [http-nio-8080-exec-5] extracted value ([password8_2_] : [VARCHAR]) - [arko]
2022-06-25 14:26:25,724 TRACE org.hibernate.type.descriptor.sql.BasicExtractor [http-nio-8080-exec-5] extracted value ([photo9_2_] : [VARCHAR]) - [Screen Shot 2022-06-06 at 10.05.18 AM.png]
2022-06-25 14:26:25,725 TRACE org.hibernate.type.descriptor.sql.BasicExtractor [http-nio-8080-exec-5] extracted value ([role10_2_] : [VARCHAR]) - [EMPLOYEE]
2022-06-25 14:26:25,725 TRACE org.hibernate.type.descriptor.sql.BasicExtractor [http-nio-8080-exec-5] extracted value ([user_na11_2_] : [VARCHAR]) - [arko]
2022-06-25 14:26:25,725 TRACE org.hibernate.type.descriptor.sql.BasicExtractor [http-nio-8080-exec-5] extracted value ([emp_id1_2_] : [INTEGER]) - [17]
2022-06-25 14:26:25,726 TRACE org.hibernate.type.descriptor.sql.BasicExtractor [http-nio-8080-exec-5] extracted value ([date_of_2_2_] : [DATE]) - [1989-07-06]
2022-06-25 14:26:25,726 TRACE org.hibernate.type.descriptor.sql.BasicExtractor [http-nio-8080-exec-5] extracted value ([date_of_3_2_] : [DATE]) - [2022-06-06]
2022-06-25 14:26:25,726 TRACE org.hibernate.type.descriptor.sql.BasicExtractor [http-nio-8080-exec-5] extracted value ([departme4_2_] : [VARCHAR]) - [SOFTWARE -- MUMBAI]
2022-06-25 14:26:25,726 TRACE org.hibernate.type.descriptor.sql.BasicExtractor [http-nio-8080-exec-5] extracted value ([first_na5_2_] : [VARCHAR]) - [EDEN]
2022-06-25 14:26:25,727 TRACE org.hibernate.type.descriptor.sql.BasicExtractor [http-nio-8080-exec-5] extracted value ([gender6_2_] : [VARCHAR]) - [MALE]
2022-06-25 14:26:25,731 TRACE org.hibernate.type.descriptor.sql.BasicExtractor [http-nio-8080-exec-5] extracted value ([last_nam7_2_] : [VARCHAR]) - [HAZARD]
2022-06-25 14:26:25,731 TRACE org.hibernate.type.descriptor.sql.BasicExtractor [http-nio-8080-exec-5] extracted value ([password8_2_] : [VARCHAR]) - [eh]
2022-06-25 14:26:25,732 TRACE org.hibernate.type.descriptor.sql.BasicExtractor [http-nio-8080-exec-5] extracted value ([photo9_2_] : [VARCHAR]) - [Screen Shot 2022-06-06 at 10.05.18 AM.png]
2022-06-25 14:26:25,734 TRACE org.hibernate.type.descriptor.sql.BasicExtractor [http-nio-8080-exec-5] extracted value ([role10_2_] : [VARCHAR]) - [ADMIN]
2022-06-25 14:26:25,734 TRACE org.hibernate.type.descriptor.sql.BasicExtractor [http-nio-8080-exec-5] extracted value ([user_na11_2_] : [VARCHAR]) - [eh]
2022-06-25 14:26:25,735 TRACE org.hibernate.type.descriptor.sql.BasicExtractor [http-nio-8080-exec-5] extracted value ([emp_id1_2_] : [INTEGER]) - [18]
2022-06-25 14:26:25,741 TRACE org.hibernate.type.descriptor.sql.BasicExtractor [http-nio-8080-exec-5] extracted value ([date_of_2_2_] : [DATE]) - [2008-03-06]
2022-06-25 14:26:25,741 TRACE org.hibernate.type.descriptor.sql.BasicExtractor [http-nio-8080-exec-5] extracted value ([date_of_3_2_] : [DATE]) - [2022-06-04]
2022-06-25 14:26:25,741 TRACE org.hibernate.type.descriptor.sql.BasicExtractor [http-nio-8080-exec-5] extracted value ([departme4_2_] : [VARCHAR]) - [IDEA PARK -- BANGALORE]
2022-06-25 14:26:25,742 TRACE org.hibernate.type.descriptor.sql.BasicExtractor [http-nio-8080-exec-5] extracted value ([first_na5_2_] : [VARCHAR]) - [CRISTIANO]
2022-06-25 14:26:25,742 TRACE org.hibernate.type.descriptor.sql.BasicExtractor [http-nio-8080-exec-5] extracted value ([gender6_2_] : [VARCHAR]) - [MALE]
2022-06-25 14:26:25,742 TRACE org.hibernate.type.descriptor.sql.BasicExtractor [http-nio-8080-exec-5] extracted value ([last_nam7_2_] : [VARCHAR]) - [RONALDO]
2022-06-25 14:26:25,742 TRACE org.hibernate.type.descriptor.sql.BasicExtractor [http-nio-8080-exec-5] extracted value ([password8_2_] : [VARCHAR]) - [cr]
2022-06-25 14:26:25,742 TRACE org.hibernate.type.descriptor.sql.BasicExtractor [http-nio-8080-exec-5] extracted value ([photo9_2_] : [VARCHAR]) - [Screen Shot 2022-06-06 at 10.05.18 AM.png]
2022-06-25 14:26:25,742 TRACE org.hibernate.type.descriptor.sql.BasicExtractor [http-nio-8080-exec-5] extracted value ([role10_2_] : [VARCHAR]) - [EMPLOYEE]
2022-06-25 14:26:25,742 TRACE org.hibernate.type.descriptor.sql.BasicExtractor [http-nio-8080-exec-5] extracted value ([user_na11_2_] : [VARCHAR]) - [cr]
2022-06-25 14:26:25,742 TRACE org.hibernate.type.descriptor.sql.BasicExtractor [http-nio-8080-exec-5] extracted value ([emp_id1_2_] : [INTEGER]) - [19]
2022-06-25 14:26:25,743 TRACE org.hibernate.type.descriptor.sql.BasicExtractor [http-nio-8080-exec-5] extracted value ([date_of_2_2_] : [DATE]) - [1998-06-30]
2022-06-25 14:26:25,744 TRACE org.hibernate.type.descriptor.sql.BasicExtractor [http-nio-8080-exec-5] extracted value ([date_of_3_2_] : [DATE]) - [2022-06-06]
2022-06-25 14:26:25,745 TRACE org.hibernate.type.descriptor.sql.BasicExtractor [http-nio-8080-exec-5] extracted value ([departme4_2_] : [VARCHAR]) - [INNOVATION STUDIO -- GUJARAT]
2022-06-25 14:26:25,745 TRACE org.hibernate.type.descriptor.sql.BasicExtractor [http-nio-8080-exec-5] extracted value ([first_na5_2_] : [VARCHAR]) - [LEO]
2022-06-25 14:26:25,745 TRACE org.hibernate.type.descriptor.sql.BasicExtractor [http-nio-8080-exec-5] extracted value ([gender6_2_] : [VARCHAR]) - [MALE]
2022-06-25 14:26:25,745 TRACE org.hibernate.type.descriptor.sql.BasicExtractor [http-nio-8080-exec-5] extracted value ([last_nam7_2_] : [VARCHAR]) - [MESSI]
2022-06-25 14:26:25,745 TRACE org.hibernate.type.descriptor.sql.BasicExtractor [http-nio-8080-exec-5] extracted value ([password8_2_] : [VARCHAR]) - [messi]
2022-06-25 14:26:25,745 TRACE org.hibernate.type.descriptor.sql.BasicExtractor [http-nio-8080-exec-5] extracted value ([photo9_2_] : [VARCHAR]) - [Screen Shot 2022-06-06 at 10.05.18 AM.png]
2022-06-25 14:26:25,745 TRACE org.hibernate.type.descriptor.sql.BasicExtractor [http-nio-8080-exec-5] extracted value ([role10_2_] : [VARCHAR]) - [EMPLOYEE]
2022-06-25 14:26:25,746 TRACE org.hibernate.type.descriptor.sql.BasicExtractor [http-nio-8080-exec-5] extracted value ([user_na11_2_] : [VARCHAR]) - [messi]
2022-06-25 14:26:25,746 TRACE org.hibernate.type.descriptor.sql.BasicExtractor [http-nio-8080-exec-5] extracted value ([emp_id1_2_] : [INTEGER]) - [20]
2022-06-25 14:26:25,747 TRACE org.hibernate.type.descriptor.sql.BasicExtractor [http-nio-8080-exec-5] extracted value ([date_of_2_2_] : [DATE]) - [2006-02-03]
2022-06-25 14:26:25,759 TRACE org.hibernate.type.descriptor.sql.BasicExtractor [http-nio-8080-exec-5] extracted value ([date_of_3_2_] : [DATE]) - [2022-06-04]
2022-06-25 14:26:25,759 TRACE org.hibernate.type.descriptor.sql.BasicExtractor [http-nio-8080-exec-5] extracted value ([departme4_2_] : [VARCHAR]) - [INNOVATION STUDIO -- GUJARAT]
2022-06-25 14:26:25,763 TRACE org.hibernate.type.descriptor.sql.BasicExtractor [http-nio-8080-exec-5] extracted value ([first_na5_2_] : [VARCHAR]) - [PAUL]
2022-06-25 14:26:25,763 TRACE org.hibernate.type.descriptor.sql.BasicExtractor [http-nio-8080-exec-5] extracted value ([gender6_2_] : [VARCHAR]) - [MALE]
2022-06-25 14:26:25,763 TRACE org.hibernate.type.descriptor.sql.BasicExtractor [http-nio-8080-exec-5] extracted value ([last_nam7_2_] : [VARCHAR]) - [POGBA]
2022-06-25 14:26:25,763 TRACE org.hibernate.type.descriptor.sql.BasicExtractor [http-nio-8080-exec-5] extracted value ([password8_2_] : [VARCHAR]) - [mufc]
2022-06-25 14:26:25,764 TRACE org.hibernate.type.descriptor.sql.BasicExtractor [http-nio-8080-exec-5] extracted value ([photo9_2_] : [VARCHAR]) - [Screen Shot 2022-06-06 at 10.05.18 AM.png]
2022-06-25 14:26:25,764 TRACE org.hibernate.type.descriptor.sql.BasicExtractor [http-nio-8080-exec-5] extracted value ([role10_2_] : [VARCHAR]) - [EMPLOYEE]
2022-06-25 14:26:25,764 TRACE org.hibernate.type.descriptor.sql.BasicExtractor [http-nio-8080-exec-5] extracted value ([user_na11_2_] : [VARCHAR]) - [mufc]
2022-06-25 14:26:25,764 TRACE org.hibernate.type.descriptor.sql.BasicExtractor [http-nio-8080-exec-5] extracted value ([emp_id1_2_] : [INTEGER]) - [21]
2022-06-25 14:26:25,765 TRACE org.hibernate.type.descriptor.sql.BasicExtractor [http-nio-8080-exec-5] extracted value ([date_of_2_2_] : [DATE]) - [1998-03-26]
2022-06-25 14:26:25,765 TRACE org.hibernate.type.descriptor.sql.BasicExtractor [http-nio-8080-exec-5] extracted value ([date_of_3_2_] : [DATE]) - [2022-06-22]
2022-06-25 14:26:25,765 TRACE org.hibernate.type.descriptor.sql.BasicExtractor [http-nio-8080-exec-5] extracted value ([departme4_2_] : [VARCHAR]) - [INNOVATION STUDIO -- GUJARAT]
2022-06-25 14:26:25,765 TRACE org.hibernate.type.descriptor.sql.BasicExtractor [http-nio-8080-exec-5] extracted value ([first_na5_2_] : [VARCHAR]) - [THORGAN]
2022-06-25 14:26:25,765 TRACE org.hibernate.type.descriptor.sql.BasicExtractor [http-nio-8080-exec-5] extracted value ([gender6_2_] : [VARCHAR]) - [MALE]
2022-06-25 14:26:25,765 TRACE org.hibernate.type.descriptor.sql.BasicExtractor [http-nio-8080-exec-5] extracted value ([last_nam7_2_] : [VARCHAR]) - [HAZARD]
2022-06-25 14:26:25,765 TRACE org.hibernate.type.descriptor.sql.BasicExtractor [http-nio-8080-exec-5] extracted value ([password8_2_] : [VARCHAR]) - [th]
2022-06-25 14:26:25,765 TRACE org.hibernate.type.descriptor.sql.BasicExtractor [http-nio-8080-exec-5] extracted value ([photo9_2_] : [VARCHAR]) - [Screen Shot 2022-05-25 at 12.25.19 PM.png]
2022-06-25 14:26:25,765 TRACE org.hibernate.type.descriptor.sql.BasicExtractor [http-nio-8080-exec-5] extracted value ([role10_2_] : [VARCHAR]) - [EMPLOYEE]
2022-06-25 14:26:25,765 TRACE org.hibernate.type.descriptor.sql.BasicExtractor [http-nio-8080-exec-5] extracted value ([user_na11_2_] : [VARCHAR]) - [th]
2022-06-25 14:26:25,765 TRACE org.hibernate.type.descriptor.sql.BasicExtractor [http-nio-8080-exec-5] extracted value ([emp_id1_2_] : [INTEGER]) - [22]
2022-06-25 14:26:25,766 TRACE org.hibernate.type.descriptor.sql.BasicExtractor [http-nio-8080-exec-5] extracted value ([date_of_2_2_] : [DATE]) - [1995-07-17]
2022-06-25 14:26:25,768 TRACE org.hibernate.type.descriptor.sql.BasicExtractor [http-nio-8080-exec-5] extracted value ([date_of_3_2_] : [DATE]) - [2022-06-09]
2022-06-25 14:26:25,768 TRACE org.hibernate.type.descriptor.sql.BasicExtractor [http-nio-8080-exec-5] extracted value ([departme4_2_] : [VARCHAR]) - [SOFTWARE -- MUMBAI]
2022-06-25 14:26:25,768 TRACE org.hibernate.type.descriptor.sql.BasicExtractor [http-nio-8080-exec-5] extracted value ([first_na5_2_] : [VARCHAR]) - [MASON]
2022-06-25 14:26:25,768 TRACE org.hibernate.type.descriptor.sql.BasicExtractor [http-nio-8080-exec-5] extracted value ([gender6_2_] : [VARCHAR]) - [MALE]
2022-06-25 14:26:25,768 TRACE org.hibernate.type.descriptor.sql.BasicExtractor [http-nio-8080-exec-5] extracted value ([last_nam7_2_] : [VARCHAR]) - [MOUNT]
2022-06-25 14:26:25,768 TRACE org.hibernate.type.descriptor.sql.BasicExtractor [http-nio-8080-exec-5] extracted value ([password8_2_] : [VARCHAR]) - [mm]
2022-06-25 14:26:25,768 TRACE org.hibernate.type.descriptor.sql.BasicExtractor [http-nio-8080-exec-5] extracted value ([photo9_2_] : [VARCHAR]) - [Screen Shot 2022-06-06 at 10.05.18 AM.png]
2022-06-25 14:26:25,768 TRACE org.hibernate.type.descriptor.sql.BasicExtractor [http-nio-8080-exec-5] extracted value ([role10_2_] : [VARCHAR]) - [EMPLOYEE]
2022-06-25 14:26:25,768 TRACE org.hibernate.type.descriptor.sql.BasicExtractor [http-nio-8080-exec-5] extracted value ([user_na11_2_] : [VARCHAR]) - [MM]
2022-06-25 14:26:25,858 DEBUG org.hibernate.SQL [http-nio-8080-exec-5] select employeede0_.emp_id as emp_id1_2_, employeede0_.date_of_birth as date_of_2_2_, employeede0_.date_of_joining as date_of_3_2_, employeede0_.department_name as departme4_2_, employeede0_.first_name as first_na5_2_, employeede0_.gender as gender6_2_, employeede0_.last_name as last_nam7_2_, employeede0_.password as password8_2_, employeede0_.photo as photo9_2_, employeede0_.role as role10_2_, employeede0_.user_name as user_na11_2_ from employee_details_table employeede0_
2022-06-25 14:26:25,860 TRACE org.hibernate.type.descriptor.sql.BasicExtractor [http-nio-8080-exec-5] extracted value ([emp_id1_2_] : [INTEGER]) - [1]
2022-06-25 14:26:25,861 TRACE org.hibernate.type.descriptor.sql.BasicExtractor [http-nio-8080-exec-5] extracted value ([emp_id1_2_] : [INTEGER]) - [2]
2022-06-25 14:26:25,861 TRACE org.hibernate.type.descriptor.sql.BasicExtractor [http-nio-8080-exec-5] extracted value ([emp_id1_2_] : [INTEGER]) - [4]
2022-06-25 14:26:25,861 TRACE org.hibernate.type.descriptor.sql.BasicExtractor [http-nio-8080-exec-5] extracted value ([emp_id1_2_] : [INTEGER]) - [5]
2022-06-25 14:26:25,861 TRACE org.hibernate.type.descriptor.sql.BasicExtractor [http-nio-8080-exec-5] extracted value ([emp_id1_2_] : [INTEGER]) - [6]
2022-06-25 14:26:25,863 TRACE org.hibernate.type.descriptor.sql.BasicExtractor [http-nio-8080-exec-5] extracted value ([emp_id1_2_] : [INTEGER]) - [7]
2022-06-25 14:26:25,864 TRACE org.hibernate.type.descriptor.sql.BasicExtractor [http-nio-8080-exec-5] extracted value ([emp_id1_2_] : [INTEGER]) - [12]
2022-06-25 14:26:25,865 TRACE org.hibernate.type.descriptor.sql.BasicExtractor [http-nio-8080-exec-5] extracted value ([emp_id1_2_] : [INTEGER]) - [13]
2022-06-25 14:26:25,865 TRACE org.hibernate.type.descriptor.sql.BasicExtractor [http-nio-8080-exec-5] extracted value ([emp_id1_2_] : [INTEGER]) - [14]
2022-06-25 14:26:25,865 TRACE org.hibernate.type.descriptor.sql.BasicExtractor [http-nio-8080-exec-5] extracted value ([emp_id1_2_] : [INTEGER]) - [16]
2022-06-25 14:26:25,866 TRACE org.hibernate.type.descriptor.sql.BasicExtractor [http-nio-8080-exec-5] extracted value ([emp_id1_2_] : [INTEGER]) - [17]
2022-06-25 14:26:25,867 TRACE org.hibernate.type.descriptor.sql.BasicExtractor [http-nio-8080-exec-5] extracted value ([emp_id1_2_] : [INTEGER]) - [18]
2022-06-25 14:26:25,869 TRACE org.hibernate.type.descriptor.sql.BasicExtractor [http-nio-8080-exec-5] extracted value ([emp_id1_2_] : [INTEGER]) - [19]
2022-06-25 14:26:25,869 TRACE org.hibernate.type.descriptor.sql.BasicExtractor [http-nio-8080-exec-5] extracted value ([emp_id1_2_] : [INTEGER]) - [20]
2022-06-25 14:26:25,869 TRACE org.hibernate.type.descriptor.sql.BasicExtractor [http-nio-8080-exec-5] extracted value ([emp_id1_2_] : [INTEGER]) - [21]
2022-06-25 14:26:25,869 TRACE org.hibernate.type.descriptor.sql.BasicExtractor [http-nio-8080-exec-5] extracted value ([emp_id1_2_] : [INTEGER]) - [22]
2022-06-25 14:26:25,884 DEBUG org.hibernate.SQL [http-nio-8080-exec-5] select employeede0_.emp_id as emp_id1_2_, employeede0_.date_of_birth as date_of_2_2_, employeede0_.date_of_joining as date_of_3_2_, employeede0_.department_name as departme4_2_, employeede0_.first_name as first_na5_2_, employeede0_.gender as gender6_2_, employeede0_.last_name as last_nam7_2_, employeede0_.password as password8_2_, employeede0_.photo as photo9_2_, employeede0_.role as role10_2_, employeede0_.user_name as user_na11_2_ from employee_details_table employeede0_ limit ?
2022-06-25 14:26:25,891 TRACE org.hibernate.type.descriptor.sql.BasicExtractor [http-nio-8080-exec-5] extracted value ([emp_id1_2_] : [INTEGER]) - [1]
2022-06-25 14:26:25,891 TRACE org.hibernate.type.descriptor.sql.BasicExtractor [http-nio-8080-exec-5] extracted value ([emp_id1_2_] : [INTEGER]) - [2]
2022-06-25 14:26:25,892 TRACE org.hibernate.type.descriptor.sql.BasicExtractor [http-nio-8080-exec-5] extracted value ([emp_id1_2_] : [INTEGER]) - [4]
2022-06-25 14:26:25,892 TRACE org.hibernate.type.descriptor.sql.BasicExtractor [http-nio-8080-exec-5] extracted value ([emp_id1_2_] : [INTEGER]) - [5]
2022-06-25 14:26:25,895 DEBUG org.hibernate.SQL [http-nio-8080-exec-5] select count(employeede0_.emp_id) as col_0_0_ from employee_details_table employeede0_
2022-06-25 14:26:25,920 TRACE org.hibernate.type.descriptor.sql.BasicExtractor [http-nio-8080-exec-5] extracted value ([col_0_0_] : [BIGINT]) - [16]
2022-06-25 14:26:25,927 ERROR ltts.ems.com.controller.EmployeeController [http-nio-8080-exec-5] Admin dashboard page is presented
2022-06-25 14:26:26,981 ERROR org.apache.catalina.core.ContainerBase.[Tomcat].[localhost].[/].[dispatcherServlet] [http-nio-8080-exec-4] Servlet.service() for servlet [dispatcherServlet] in context with path [] threw exception
java.net.UnknownHostException: Users
	at java.base/sun.nio.ch.NioSocketImpl.connect(NioSocketImpl.java:564)
	at java.base/java.net.Socket.connect(Socket.java:633)
	at java.base/sun.net.ftp.impl.FtpClient.doConnect(FtpClient.java:1045)
	at java.base/sun.net.ftp.impl.FtpClient.tryConnect(FtpClient.java:1010)
	at java.base/sun.net.ftp.impl.FtpClient.connect(FtpClient.java:1102)
	at java.base/sun.net.ftp.impl.FtpClient.connect(FtpClient.java:1088)
	at java.base/sun.net.www.protocol.ftp.FtpURLConnection.connect(FtpURLConnection.java:318)
	at java.base/sun.net.www.protocol.ftp.FtpURLConnection.getInputStream(FtpURLConnection.java:424)
	at org.springframework.core.io.UrlResource.getInputStream(UrlResource.java:186)
	at org.springframework.http.converter.ResourceHttpMessageConverter.writeContent(ResourceHttpMessageConverter.java:137)
	at org.springframework.http.converter.ResourceHttpMessageConverter.writeInternal(ResourceHttpMessageConverter.java:129)
	at org.springframework.http.converter.ResourceHttpMessageConverter.writeInternal(ResourceHttpMessageConverter.java:45)
	at org.springframework.http.converter.AbstractHttpMessageConverter.write(AbstractHttpMessageConverter.java:227)
	at org.springframework.web.servlet.resource.ResourceHttpRequestHandler.handleRequest(ResourceHttpRequestHandler.java:590)
	at org.springframework.web.servlet.mvc.HttpRequestHandlerAdapter.handle(HttpRequestHandlerAdapter.java:52)
	at org.springframework.web.servlet.DispatcherServlet.doDispatch(DispatcherServlet.java:1067)
	at org.springframework.web.servlet.DispatcherServlet.doService(DispatcherServlet.java:963)
	at org.springframework.web.servlet.FrameworkServlet.processRequest(FrameworkServlet.java:1006)
	at org.springframework.web.servlet.FrameworkServlet.doGet(FrameworkServlet.java:898)
	at javax.servlet.http.HttpServlet.service(HttpServlet.java:655)
	at org.springframework.web.servlet.FrameworkServlet.service(FrameworkServlet.java:883)
	at javax.servlet.http.HttpServlet.service(HttpServlet.java:764)
	at org.apache.catalina.core.ApplicationFilterChain.internalDoFilter(ApplicationFilterChain.java:227)
	at org.apache.catalina.core.ApplicationFilterChain.doFilter(ApplicationFilterChain.java:162)
	at org.apache.tomcat.websocket.server.WsFilter.doFilter(WsFilter.java:53)
	at org.apache.catalina.core.ApplicationFilterChain.internalDoFilter(ApplicationFilterChain.java:189)
	at org.apache.catalina.core.ApplicationFilterChain.doFilter(ApplicationFilterChain.java:162)
	at org.springframework.web.filter.RequestContextFilter.doFilterInternal(RequestContextFilter.java:100)
	at org.springframework.web.filter.OncePerRequestFilter.doFilter(OncePerRequestFilter.java:117)
	at org.apache.catalina.core.ApplicationFilterChain.internalDoFilter(ApplicationFilterChain.java:189)
	at org.apache.catalina.core.ApplicationFilterChain.doFilter(ApplicationFilterChain.java:162)
	at org.springframework.web.filter.FormContentFilter.doFilterInternal(FormContentFilter.java:93)
	at org.springframework.web.filter.OncePerRequestFilter.doFilter(OncePerRequestFilter.java:117)
	at org.apache.catalina.core.ApplicationFilterChain.internalDoFilter(ApplicationFilterChain.java:189)
	at org.apache.catalina.core.ApplicationFilterChain.doFilter(ApplicationFilterChain.java:162)
	at org.springframework.web.filter.CharacterEncodingFilter.doFilterInternal(CharacterEncodingFilter.java:201)
	at org.springframework.web.filter.OncePerRequestFilter.doFilter(OncePerRequestFilter.java:117)
	at org.apache.catalina.core.ApplicationFilterChain.internalDoFilter(ApplicationFilterChain.java:189)
	at org.apache.catalina.core.ApplicationFilterChain.doFilter(ApplicationFilterChain.java:162)
	at org.apache.catalina.core.StandardWrapperValve.invoke(StandardWrapperValve.java:197)
	at org.apache.catalina.core.StandardContextValve.invoke(StandardContextValve.java:97)
	at org.apache.catalina.authenticator.AuthenticatorBase.invoke(AuthenticatorBase.java:540)
	at org.apache.catalina.core.StandardHostValve.invoke(StandardHostValve.java:135)
	at org.apache.catalina.valves.ErrorReportValve.invoke(ErrorReportValve.java:92)
	at org.apache.catalina.core.StandardEngineValve.invoke(StandardEngineValve.java:78)
	at org.apache.catalina.connector.CoyoteAdapter.service(CoyoteAdapter.java:357)
	at org.apache.coyote.http11.Http11Processor.service(Http11Processor.java:382)
	at org.apache.coyote.AbstractProcessorLight.process(AbstractProcessorLight.java:65)
	at org.apache.coyote.AbstractProtocol$ConnectionHandler.process(AbstractProtocol.java:895)
	at org.apache.tomcat.util.net.NioEndpoint$SocketProcessor.doRun(NioEndpoint.java:1732)
	at org.apache.tomcat.util.net.SocketProcessorBase.run(SocketProcessorBase.java:49)
	at org.apache.tomcat.util.threads.ThreadPoolExecutor.runWorker(ThreadPoolExecutor.java:1191)
	at org.apache.tomcat.util.threads.ThreadPoolExecutor$Worker.run(ThreadPoolExecutor.java:659)
	at org.apache.tomcat.util.threads.TaskThread$WrappingRunnable.run(TaskThread.java:61)
	at java.base/java.lang.Thread.run(Thread.java:833)
